Log file open, 06/07/20 01:15:26
LogWindows: Failed to load 'aqProf.dll' (GetLastError=126)
LogWindows: File 'aqProf.dll' does not exist
LogWindows: Failed to load 'VSPerf140.dll' (GetLastError=126)
LogWindows: File 'VSPerf140.dll' does not exist
LogWindows: Failed to load 'VtuneApi.dll' (GetLastError=126)
LogWindows: File 'VtuneApi.dll' does not exist
LogWindows: Failed to load 'VtuneApi32e.dll' (GetLastError=126)
LogWindows: File 'VtuneApi32e.dll' does not exist
LogInit: Display: Running engine for game: BallRunner
LogPlatformFile: Not using cached read wrapper
LogTaskGraph: Started task graph with 5 named threads and 47 total threads with 3 sets of task threads.
LogStats: Stats thread started at 1.557684
LogD3D11RHI: Loaded GFSDK_Aftermath_Lib.x64.dll
LogICUInternationalization: Display: ICU TimeZone Detection - Raw Offset: +1:00, Platform Override: ''
LogPluginManager: Mounting plugin Paper2D
LogPluginManager: Mounting plugin AISupport
LogPluginManager: Mounting plugin LightPropagationVolume
LogPluginManager: Mounting plugin CLionSourceCodeAccess
LogPluginManager: Mounting plugin CodeLiteSourceCodeAccess
LogPluginManager: Mounting plugin GitSourceControl
LogPluginManager: Mounting plugin KDevelopSourceCodeAccess
LogPluginManager: Mounting plugin NullSourceCodeAccess
LogPluginManager: Mounting plugin PerforceSourceControl
LogPluginManager: Mounting plugin SubversionSourceControl
LogPluginManager: Mounting plugin UObjectPlugin
LogPluginManager: Mounting plugin VisualStudioCodeSourceCodeAccess
LogPluginManager: Mounting plugin VisualStudioSourceCodeAccess
LogPluginManager: Mounting plugin XCodeSourceCodeAccess
LogPluginManager: Mounting plugin AssetManagerEditor
LogPluginManager: Mounting plugin CryptoKeys
LogPluginManager: Mounting plugin DataValidation
LogPluginManager: Mounting plugin FacialAnimation
LogPluginManager: Mounting plugin GameplayTagsEditor
LogPluginManager: Mounting plugin MacGraphicsSwitching
LogPluginManager: Mounting plugin MeshEditor
LogPluginManager: Mounting plugin MobileLauncherProfileWizard
LogPluginManager: Mounting plugin PluginBrowser
LogPluginManager: Mounting plugin SpeedTreeImporter
LogPluginManager: Mounting plugin DatasmithContent
LogPluginManager: Mounting plugin AlembicImporter
LogPluginManager: Mounting plugin AppleImageUtils
LogPluginManager: Mounting plugin AppleVision
LogPluginManager: Mounting plugin BackChannel
LogPluginManager: Mounting plugin CharacterAI
LogPluginManager: Mounting plugin GeometryCache
LogPluginManager: Mounting plugin HTML5Networking
LogPluginManager: Mounting plugin ProxyLODPlugin
LogPluginManager: Mounting plugin MagicLeap
LogPluginManager: Mounting plugin MagicLeapEmulator
LogPluginManager: Mounting plugin MagicLeapMedia
LogPluginManager: Mounting plugin AndroidMedia
LogPluginManager: Mounting plugin AvfMedia
LogPluginManager: Mounting plugin ImgMedia
LogPluginManager: Mounting plugin LinearTimecode
LogPluginManager: Mounting plugin MediaCompositing
LogPluginManager: Mounting plugin MediaPlayerEditor
LogPluginManager: Mounting plugin WmfMedia
LogPluginManager: Mounting plugin TcpMessaging
LogPluginManager: Mounting plugin UdpMessaging
LogPluginManager: Mounting plugin ActorSequence
LogPluginManager: Mounting plugin LevelSequenceEditor
LogPluginManager: Mounting plugin MatineeToLevelSequence
LogPluginManager: Mounting plugin NetcodeUnitTest
LogPluginManager: Mounting plugin NUTUnrealEngine4
LogPluginManager: Mounting plugin OnlineSubsystemGooglePlay
LogPluginManager: Mounting plugin OnlineSubsystemIOS
LogPluginManager: Mounting plugin OnlineSubsystem
LogPluginManager: Mounting plugin OnlineSubsystemNull
LogPluginManager: Mounting plugin OnlineSubsystemUtils
LogPluginManager: Mounting plugin LauncherChunkInstaller
LogPluginManager: Mounting plugin AndroidDeviceProfileSelector
LogPluginManager: Mounting plugin AndroidMoviePlayer
LogPluginManager: Mounting plugin AndroidPermission
LogPluginManager: Mounting plugin AppleMoviePlayer
LogPluginManager: Mounting plugin ArchVisCharacter
LogPluginManager: Mounting plugin AudioCapture
LogPluginManager: Mounting plugin CableComponent
LogPluginManager: Mounting plugin CustomMeshComponent
LogPluginManager: Mounting plugin EditableMesh
LogPluginManager: Mounting plugin ExampleDeviceProfileSelector
LogPluginManager: Mounting plugin GoogleCloudMessaging
LogPluginManager: Mounting plugin ImmediatePhysics
LogPluginManager: Mounting plugin IOSDeviceProfileSelector
LogPluginManager: Mounting plugin LinuxDeviceProfileSelector
LogPluginManager: Mounting plugin LocationServicesBPLibrary
LogPluginManager: Mounting plugin MobilePatchingUtils
LogPluginManager: Mounting plugin OculusVR
LogPluginManager: Plugin shader directory ../../../Engine/Plugins/Runtime/Oculus/OculusVR/Shaders found
LogPluginManager: Mapping shader source directory ../../../Engine/Plugins/Runtime/Oculus/OculusVR/Shaders to virtual directory /Plugin/OculusVR
LogPluginManager: Mounting plugin PhysXVehicles
LogPluginManager: Mounting plugin ProceduralMeshComponent
LogPluginManager: Mounting plugin RuntimePhysXCooking
LogPluginManager: Mounting plugin SteamVR
LogPluginManager: Mounting plugin WindowsMoviePlayer
LogStreaming: Display: Took  0.199s to configure plugins.
LogInit: Using libcurl 7.55.1-DEV
LogInit:  - built for x86_64-pc-win32
LogInit:  - supports SSL with OpenSSL/1.0.2h
LogInit:  - supports HTTP deflate (compression) using libz 1.2.8
LogInit:  - other features:
LogInit:      CURL_VERSION_SSL
LogInit:      CURL_VERSION_LIBZ
LogInit:      CURL_VERSION_IPV6
LogInit:      CURL_VERSION_ASYNCHDNS
LogInit:      CURL_VERSION_LARGEFILE
LogInit:      CURL_VERSION_IDN
LogInit:  CurlRequestOptions (configurable via config and command line):
LogInit:  - bVerifyPeer = false  - Libcurl will NOT verify peer certificate
LogInit:  - bUseHttpProxy = false  - Libcurl will NOT use HTTP proxy
LogInit:  - bDontReuseConnections = false  - Libcurl will reuse connections
LogInit:  - CertBundlePath = nullptr  - Libcurl will use whatever was configured at build time.
LogInit:  - MaxHostConnections = 16  - Libcurl will limit the number of connections to a host
LogInit:  - LocalHostAddr = Default
LogInit:  - BufferSize = 65536
LogInit: WinSock: version 1.1 (2.2), MaxSocks=32767, MaxUdp=65467
LogInit: Build: ++UE4+Release-4.20-CL-4369336
LogInit: Engine Version: 4.20.3-4369336+++UE4+Release-4.20
LogInit: Compatible Engine Version: 4.20.0-4212847+++UE4+Release-4.20
LogInit: Net CL: 4212847
LogInit: OS: Windows 10 (), CPU: AMD Ryzen 7 1700X Eight-Core Processor         , GPU: NVIDIA GeForce GTX 650
LogInit: Compiled (64-bit): Sep 17 2018 12:26:19
LogInit: Compiled with Visual C++: 19.13.26129.00
LogInit: Build Configuration: Development
LogInit: Branch Name: ++UE4+Release-4.20
LogInit: Command Line:  
LogInit: Base Directory: C:/Program Files/Epic Games/UE_4.20/Engine/Binaries/Win64/
LogInit: Installed Engine Build: 1
LogDevObjectVersion: Number of dev versions registered: 20
LogDevObjectVersion:   Dev-Blueprints (B0D832E4-1F89-4F0D-ACCF-7EB736FD4AA2): 10
LogDevObjectVersion:   Dev-Build (E1C64328-A22C-4D53-A36C-8E866417BD8C): 0
LogDevObjectVersion:   Dev-Core (375EC13C-06E4-48FB-B500-84F0262A717E): 2
LogDevObjectVersion:   Dev-Editor (E4B068ED-F494-42E9-A231-DA0B2E46BB41): 24
LogDevObjectVersion:   Dev-Framework (CFFC743F-43B0-4480-9391-14DF171D2073): 34
LogDevObjectVersion:   Dev-Mobile (B02B49B5-BB20-44E9-A304-32B752E40360): 2
LogDevObjectVersion:   Dev-Networking (A4E4105C-59A1-49B5-A7C5-40C4547EDFEE): 0
LogDevObjectVersion:   Dev-Online (39C831C9-5AE6-47DC-9A44-9C173E1C8E7C): 0
LogDevObjectVersion:   Dev-Physics (78F01B33-EBEA-4F98-B9B4-84EACCB95AA2): 0
LogDevObjectVersion:   Dev-Platform (6631380F-2D4D-43E0-8009-CF276956A95A): 0
LogDevObjectVersion:   Dev-Rendering (12F88B9F-8875-4AFC-A67C-D90C383ABD29): 26
LogDevObjectVersion:   Dev-Sequencer (7B5AE74C-D270-4C10-A958-57980B212A5A): 9
LogDevObjectVersion:   Dev-VR (D7296918-1DD6-4BDD-9DE2-64A83CC13884): 2
LogDevObjectVersion:   Dev-LoadTimes (C2A15278-BFE7-4AFE-6C17-90FF531DF755): 1
LogDevObjectVersion:   Private-Geometry (6EACA3D4-40EC-4CC1-B786-8BED09428FC5): 3
LogDevObjectVersion:   Dev-AnimPhys (29E575DD-E0A3-4627-9D10-D276232CDCEA): 17
LogDevObjectVersion:   Dev-ReflectionCapture (6B266CEC-1EC7-4B8F-A30B-E4D90942FC07): 1
LogDevObjectVersion:   Dev-Automation (0DF73D61-A23F-47EA-B727-89E90C41499A): 1
LogDevObjectVersion:   FortniteMain (601D1886-AC64-4F84-AA16-D3DE0DEAC7D6): 12
LogDevObjectVersion:   Dev-Enterprise (9DFFBCD6-494F-0158-E221-12823C92A888): 1
LogStreaming: Display: Took  0.000s to delete old logs.
LogInit: Presizing for max 8388607 objects, including 0 objects not considered by GC, pre-allocating 0 bytes for permanent pool.
LogInit: Object subsystem initialized
[2020.06.06-23.15.27:733][  0]LogInit: Selected Device Profile: [Windows]
[2020.06.06-23.15.27:733][  0]LogInit: Applying CVar settings loaded from the selected device profile: [Windows]
[2020.06.06-23.15.27:834][  0]LogHAL: Display: Platform has ~ 16 GB [17109311488 / 17179869184 / 16], which maps to Larger [LargestMinGB=32, LargerMinGB=12, DefaultMinGB=8, SmallerMinGB=6, SmallestMinGB=0)
[2020.06.06-23.15.27:834][  0]LogInit: Setting Device Profile CVar: [[r.Vulkan.UseRealUBs:1]]
[2020.06.06-23.15.27:834][  0]LogInit: Going up to parent DeviceProfile []
[2020.06.06-23.15.27:859][  0]LogInit: Computer: JARVIS2
[2020.06.06-23.15.27:859][  0]LogInit: User: guzim
[2020.06.06-23.15.27:859][  0]LogInit: CPU Page size=4096, Cores=8
[2020.06.06-23.15.27:859][  0]LogInit: High frequency timer resolution =10.000000 MHz
[2020.06.06-23.15.27:859][  0]LogMemory: Memory total: Physical=15.9GB (16GB approx)
[2020.06.06-23.15.27:859][  0]LogMemory: Platform Memory Stats for Windows
[2020.06.06-23.15.27:859][  0]LogMemory: Process Physical Memory: 101.39 MB used, 101.39 MB peak
[2020.06.06-23.15.27:859][  0]LogMemory: Process Virtual Memory: 92.65 MB used, 92.65 MB peak
[2020.06.06-23.15.27:859][  0]LogMemory: Physical Memory: 7625.78 MB used,  8690.93 MB free, 16316.71 MB total
[2020.06.06-23.15.27:859][  0]LogMemory: Virtual Memory: 4663.18 MB used,  8690.93 MB free, 134217728.00 MB total
[2020.06.06-23.15.28:272][  0]LogInit: Using OS detected language (en-GB).
[2020.06.06-23.15.28:272][  0]LogInit: Using OS detected locale (en-GB).
[2020.06.06-23.15.28:273][  0]LogTextLocalizationManager: No specific localization for 'en-GB' exists, so the 'en' localization will be used.
[2020.06.06-23.15.29:582][  0]LogStreaming: Display: Took  1.309s to InitEngineTextLocalization.
[2020.06.06-23.15.29:582][  0]LogInit: Setting process to per monitor DPI aware
[2020.06.06-23.15.30:249][  0]LogSlate: New Slate User Created.  User Index 0, Is Virtual User: 0
[2020.06.06-23.15.30:249][  0]LogSlate: Slate User Registered.  User Index 0, Is Virtual User: 0
[2020.06.06-23.15.37:896][  0]LogHMD: Failed to initialize OpenVR with code 110
[2020.06.06-23.15.37:896][  0]LogD3D11RHI: D3D11 adapters:
[2020.06.06-23.15.38:084][  0]LogD3D11RHI:    0. 'NVIDIA GeForce GTX 650' (Feature Level 11_0)
[2020.06.06-23.15.38:084][  0]LogD3D11RHI:       2007/0/8158 MB DedicatedVideo/DedicatedSystem/SharedSystem, Outputs:2, VendorId:0x10de
[2020.06.06-23.15.38:122][  0]LogD3D11RHI:    1. 'Microsoft Basic Render Driver' (Feature Level 11_0)
[2020.06.06-23.15.38:122][  0]LogD3D11RHI:       0/0/8158 MB DedicatedVideo/DedicatedSystem/SharedSystem, Outputs:0, VendorId:0x1414
[2020.06.06-23.15.38:122][  0]LogD3D11RHI: Chosen D3D11 Adapter: 0
[2020.06.06-23.15.38:130][  0]LogD3D11RHI: Creating new Direct3DDevice
[2020.06.06-23.15.38:130][  0]LogD3D11RHI:     GPU DeviceId: 0xfc6 (for the marketing name, search the web for "GPU Device Id")
[2020.06.06-23.15.38:130][  0]LogWindows: EnumDisplayDevices:
[2020.06.06-23.15.38:130][  0]LogWindows:    0. 'NVIDIA GeForce GTX 650' (P:1 D:1)
[2020.06.06-23.15.38:131][  0]LogWindows:    1. 'NVIDIA GeForce GTX 650' (P:0 D:1)
[2020.06.06-23.15.38:131][  0]LogWindows:    2. 'NVIDIA GeForce GTX 650' (P:0 D:0)
[2020.06.06-23.15.38:131][  0]LogWindows: DebugString: FoundDriverCount:3 
[2020.06.06-23.15.38:131][  0]LogD3D11RHI:     Adapter Name: NVIDIA GeForce GTX 650
[2020.06.06-23.15.38:131][  0]LogD3D11RHI:   Driver Version: 442.19 (internal:26.21.14.4219, unified:442.19)
[2020.06.06-23.15.38:131][  0]LogD3D11RHI:      Driver Date: 1-29-2020
[2020.06.06-23.15.38:131][  0]LogRHI: Texture pool is 1404 MB (70% of 2007 MB)
[2020.06.06-23.15.38:182][  0]LogD3D11RHI: Async texture creation enabled
[2020.06.06-23.15.38:194][  0]LogD3D11RHI: GPU Timing Frequency: 1000.000000 (Debug: 2 1)
[2020.06.06-23.15.38:197][  0]LogShaderCompilers: Guid format shader working directory is -25 characters bigger than the processId version (../../../../../../Users/guzim/OneDrive/Obrazy/PROGRAMOWANIE/BallRunner/Intermediate/Shaders/WorkingDirectory/15712/).
[2020.06.06-23.15.38:197][  0]LogShaderCompilers: Cleaned the shader compiler working directory 'C:/Users/guzim/AppData/Local/Temp/UnrealShaderWorkingDir/1CD38BBF49BA3AAA1479D595C2179B90/'.
[2020.06.06-23.15.39:044][  0]LogTemp: Display: Loaded TP AllDesktopTargetPlatform
[2020.06.06-23.15.39:086][  0]LogTemp: Display: Loaded TP MacClientTargetPlatform
[2020.06.06-23.15.39:126][  0]LogTemp: Display: Loaded TP MacNoEditorTargetPlatform
[2020.06.06-23.15.39:156][  0]LogTemp: Display: Loaded TP MacServerTargetPlatform
[2020.06.06-23.15.39:237][  0]LogTemp: Display: Loaded TP MacTargetPlatform
[2020.06.06-23.15.39:262][  0]LogTemp: Display: Loaded TP WindowsClientTargetPlatform
[2020.06.06-23.15.39:291][  0]LogTemp: Display: Loaded TP WindowsNoEditorTargetPlatform
[2020.06.06-23.15.39:317][  0]LogTemp: Display: Loaded TP WindowsServerTargetPlatform
[2020.06.06-23.15.39:338][  0]LogTemp: Display: Loaded TP WindowsTargetPlatform
[2020.06.06-23.15.39:512][  0]LogTemp: Display: Loaded TP AndroidTargetPlatform
[2020.06.06-23.15.39:512][  0]LogTemp: Display: Loaded TP AndroidTargetPlatform
[2020.06.06-23.15.39:512][  0]LogTemp: Display: Loaded TP AndroidTargetPlatform
[2020.06.06-23.15.39:512][  0]LogTemp: Display: Loaded TP AndroidTargetPlatform
[2020.06.06-23.15.39:512][  0]LogTemp: Display: Loaded TP AndroidTargetPlatform
[2020.06.06-23.15.39:512][  0]LogTemp: Display: Loaded TP AndroidTargetPlatform
[2020.06.06-23.15.39:512][  0]LogTemp: Display: Loaded TP AndroidTargetPlatform
[2020.06.06-23.15.39:512][  0]LogTemp: Display: Loaded TP AndroidTargetPlatform
[2020.06.06-23.15.39:512][  0]LogTemp: Display: Loaded TP AndroidTargetPlatform
[2020.06.06-23.15.39:512][  0]LogTemp: Display: Loaded TP AndroidTargetPlatform
[2020.06.06-23.15.39:512][  0]LogTemp: Display: Loaded TP AndroidTargetPlatform
[2020.06.06-23.15.39:512][  0]LogTemp: Display: Loaded TP AndroidTargetPlatform
[2020.06.06-23.15.39:512][  0]LogTemp: Display: Loaded TP AndroidTargetPlatform
[2020.06.06-23.15.39:512][  0]LogTemp: Display: Loaded TP AndroidTargetPlatform
[2020.06.06-23.15.39:512][  0]LogTemp: Display: Loaded TP AndroidTargetPlatform
[2020.06.06-23.15.39:512][  0]LogTemp: Display: Loaded TP AndroidTargetPlatform
[2020.06.06-23.15.39:512][  0]LogTemp: Display: Loaded TP AndroidTargetPlatform
[2020.06.06-23.15.39:512][  0]LogTemp: Display: Loaded TP AndroidTargetPlatform
[2020.06.06-23.15.39:530][  0]LogTemp: Display: Loaded TP HTML5TargetPlatform
[2020.06.06-23.15.39:668][  0]LogTemp: Display: Loaded TP IOSTargetPlatform
[2020.06.06-23.15.39:668][  0]LogTemp: Display: Loaded TP IOSTargetPlatform
[2020.06.06-23.15.39:707][  0]LogTemp: Display: Loaded TP TVOSTargetPlatform
[2020.06.06-23.15.39:707][  0]LogTemp: Display: Loaded TP TVOSTargetPlatform
[2020.06.06-23.15.39:733][  0]LogTemp: Display: Loaded TP LinuxClientTargetPlatform
[2020.06.06-23.15.39:755][  0]LogTemp: Display: Loaded TP LinuxNoEditorTargetPlatform
[2020.06.06-23.15.39:777][  0]LogTemp: Display: Loaded TP LinuxServerTargetPlatform
[2020.06.06-23.15.39:830][  0]LogTemp: Display: Loaded TP LinuxTargetPlatform
[2020.06.06-23.15.39:850][  0]LogTemp: Display: Loaded TP LuminTargetPlatform
[2020.06.06-23.15.39:850][  0]LogTargetPlatformManager: Display: Building Assets For Windows
[2020.06.06-23.15.40:417][  0]LogXGEController: Cleaning working directory: C:/Users/guzim/AppData/Local/Temp/UnrealXGEWorkingDir/
[2020.06.06-23.15.40:417][  0]LogXGEController: Cannot use XGE Controller as Incredibuild is not installed on this machine.
[2020.06.06-23.15.40:417][  0]LogShaderCompilers: Cannot use XGE Shader Compiler as Incredibuild is not installed on this machine.
[2020.06.06-23.15.40:417][  0]LogShaderCompilers: Display: Using Local Shader Compiler.
[2020.06.06-23.15.43:170][  0]LogDerivedDataCache: Display: Max Cache Size: 512 MB
[2020.06.06-23.15.43:709][  0]LogDerivedDataCache: Loaded boot cache 0.54s 71MB C:/Users/guzim/AppData/Local/UnrealEngine/4.20/DerivedDataCache/Boot.ddc.
[2020.06.06-23.15.43:710][  0]LogDerivedDataCache: Display: Loaded Boot cache: C:/Users/guzim/AppData/Local/UnrealEngine/4.20/DerivedDataCache/Boot.ddc
[2020.06.06-23.15.43:710][  0]LogDerivedDataCache: FDerivedDataBackendGraph:  Pak pak cache file ../../../../../../Users/guzim/OneDrive/Obrazy/PROGRAMOWANIE/BallRunner/DerivedDataCache/DDC.ddp not found, will not use a pak cache.
[2020.06.06-23.15.43:710][  0]LogDerivedDataCache: Unable to find inner node Pak for hierarchical cache Hierarchy.
[2020.06.06-23.15.43:710][  0]LogDerivedDataCache: FDerivedDataBackendGraph:  CompressedPak pak cache file ../../../../../../Users/guzim/OneDrive/Obrazy/PROGRAMOWANIE/BallRunner/DerivedDataCache/Compressed.ddp not found, will not use a pak cache.
[2020.06.06-23.15.43:710][  0]LogDerivedDataCache: Unable to find inner node CompressedPak for hierarchical cache Hierarchy.
[2020.06.06-23.15.43:758][  0]LogDerivedDataCache: Display: Pak cache opened for reading ../../../Engine/DerivedDataCache/Compressed.ddp.
[2020.06.06-23.15.43:771][  0]LogDerivedDataCache: Using Local data cache path C:/Users/guzim/AppData/Local/UnrealEngine/Common/DerivedDataCache: Writable
[2020.06.06-23.15.43:771][  0]LogDerivedDataCache: Shared data cache path not found in *engine.ini, will not use an Shared cache.
[2020.06.06-23.15.43:771][  0]LogDerivedDataCache: Unable to find inner node Shared for hierarchical cache Hierarchy.
[2020.06.06-23.15.43:790][  0]LogMaterial: Verifying Global Shaders for PCD3D_SM5
[2020.06.06-23.15.43:792][  0]LogSlate: Using FreeType 2.6.0
[2020.06.06-23.15.43:825][  0]LogSlate: SlateFontServices - WITH_FREETYPE: 1, WITH_HARFBUZZ: 1
[2020.06.06-23.15.45:501][  0]LogAssetRegistry: FAssetRegistry took 0.0272 seconds to start up
[2020.06.06-23.15.46:018][  0]LogInit: Selected Device Profile: [Windows]
[2020.06.06-23.15.46:394][  0]LogSimplygon: Simplygon DLL not present - disabling.
[2020.06.06-23.15.46:426][  0]LogMeshReduction: Using SimplygonSwarm for distributed automatic mesh merging
[2020.06.06-23.15.46:426][  0]LogMeshReduction: Using ProxyLODMeshReduction for automatic mesh merging
[2020.06.06-23.15.46:426][  0]LogMeshReduction: Using QuadricMeshReduction for automatic static mesh reduction
[2020.06.06-23.15.46:426][  0]LogMeshReduction: No automatic skeletal mesh reduction module available
[2020.06.06-23.15.46:456][  0]LogNetVersion: BallRunner 1.0.0, NetCL: 4212847, EngineNetVer: 5, GameNetVer: 0 (Checksum: 346235534)
[2020.06.06-23.15.47:103][  0]LogPackageLocalizationCache: Processed 11 localized package path(s) for 2 prioritized culture(s) in 0.185239 seconds
[2020.06.06-23.15.47:116][  0]LogUObjectArray: 38425 objects as part of root set at end of initial load.
[2020.06.06-23.15.47:116][  0]LogUObjectAllocator: 6690864 out of 0 bytes used by permanent object pool.
[2020.06.06-23.15.47:116][  0]LogUObjectArray: CloseDisregardForGC: 0/0 objects in disregard for GC pool
[2020.06.06-23.16.15:277][  0]LogTcpMessaging: Initializing TcpMessaging bridge
[2020.06.06-23.16.15:297][  0]LogUdpMessaging: Initializing bridge on interface 0.0.0.0:0 to multicast group 230.0.0.1:6666.
[2020.06.06-23.16.15:964][  0]SourceControl: Source control is disabled
[2020.06.06-23.16.15:964][  0]SourceControl: Source control is disabled
[2020.06.06-23.16.16:003][  0]SourceControl: Source control is disabled
[2020.06.06-23.16.16:026][  0]SourceControl: Source control is disabled
[2020.06.06-23.16.16:913][  0]LogAndroidPermission: UAndroidPermissionCallbackProxy::GetInstance
[2020.06.06-23.16.17:260][  0]LogOcInput: OculusInput pre-init called
[2020.06.06-23.16.17:676][  0]LogEngine: Initializing Engine...
[2020.06.06-23.16.17:678][  0]LogHMD: Failed to initialize OpenVR with code 110
[2020.06.06-23.16.17:680][  0]LogStats: UGameplayTagsManager::ConstructGameplayTagTree: ImportINI prefixes -  0.000 s
[2020.06.06-23.16.17:680][  0]LogStats: UGameplayTagsManager::ConstructGameplayTagTree: Construct from data asset -  0.000 s
[2020.06.06-23.16.17:680][  0]LogStats: UGameplayTagsManager::ConstructGameplayTagTree: ImportINI -  0.000 s
[2020.06.06-23.16.17:680][  0]LogStats: UGameplayTagsManager::ConstructGameplayTagTree: GameplayTagTreeChangedEvent.Broadcast -  0.000 s
[2020.06.06-23.16.18:028][  0]LogInit: Initializing FReadOnlyCVARCache
[2020.06.06-23.16.18:359][  0]LogAIModule: Creating AISystem for world Untitled
[2020.06.06-23.16.18:408][  0]LogInit: XAudio2 using 'Speakers (Realtek High Definition Audio)' : 2 channels at 48 kHz using 32 bits per sample (channel mask 0x3)
[2020.06.06-23.16.18:424][  0]LogInit: FAudioDevice initialized.
[2020.06.06-23.16.18:425][  0]LogNetVersion: Set ProjectVersion to 1.0.0.0. Version Checksum will be recalculated on next use.
[2020.06.06-23.16.18:708][  0]LogDerivedDataCache: Saved boot cache 0.28s 71MB C:/Users/guzim/AppData/Local/UnrealEngine/4.20/DerivedDataCache/Boot.ddc.
[2020.06.06-23.16.18:724][  0]LogInit: Texture streaming: Enabled
[2020.06.06-23.16.19:001][  0]LogEngineSessionManager: EngineSessionManager initialized
[2020.06.06-23.16.19:091][  0]LogInit: Transaction tracking system initialized
[2020.06.06-23.16.19:409][  0]BlueprintLog: New page: Editor Load
[2020.06.06-23.16.20:594][  0]LocalizationService: Localization service is disabled
[2020.06.06-23.16.21:895][  0]LogCook: Display: Max memory allowance for cook 16384mb min free memory 0mb
[2020.06.06-23.16.21:895][  0]LogCook: Display: Mobile HDR setting 1
[2020.06.06-23.16.21:895][  0]LogGameplayTags: Display: UGameplayTagsManager::DoneAddingNativeTags. DelegateIsBound: 0
[2020.06.06-23.16.21:895][  0]LogStats: UGameplayTagsManager::ConstructGameplayTagTree: ImportINI prefixes -  0.000 s
[2020.06.06-23.16.21:895][  0]LogStats: UGameplayTagsManager::ConstructGameplayTagTree: Construct from data asset -  0.000 s
[2020.06.06-23.16.21:895][  0]LogStats: UGameplayTagsManager::ConstructGameplayTagTree: ImportINI -  0.000 s
[2020.06.06-23.16.21:895][  0]LogStats: UGameplayTagsManager::ConstructGameplayTagTree: GameplayTagTreeChangedEvent.Broadcast -  0.000 s
[2020.06.06-23.16.23:035][  0]LogFileCache: Scanning file cache for directory 'C:/Users/guzim/OneDrive/Obrazy/PROGRAMOWANIE/BallRunner/Content/' took 0.01s
[2020.06.06-23.16.23:061][  0]SourceControl: Source control is disabled
[2020.06.06-23.16.23:061][  0]Cmd: MAP LOAD FILE="../../../../../../Users/guzim/OneDrive/Obrazy/PROGRAMOWANIE/BallRunner/Content/StarterContent/Maps/Minimal_Default.umap" TEMPLATE=0 SHOWPROGRESS=1 FEATURELEVEL=3
[2020.06.06-23.16.23:088][  0]LightingResults: New page: Lighting Build
[2020.06.06-23.16.23:105][  0]MapCheck: New page: Map Check
[2020.06.06-23.16.23:106][  0]LightingResults: New page: Lighting Build
[2020.06.06-23.16.24:687][  0]LogAIModule: Creating AISystem for world Minimal_Default
[2020.06.06-23.16.24:717][  0]LogEditorServer: Finished looking for orphan Actors (0.000 secs)
[2020.06.06-23.16.24:753][  0]Cmd: MAP CHECKDEP NOCLEARLOG
[2020.06.06-23.16.24:850][  0]MapCheck: Map check complete: 0 Error(s), 0 Warning(s), took 96.788ms to complete.
[2020.06.06-23.16.24:850][  0]LogFileHelpers: Loading map 'Minimal_Default' took 1.789
[2020.06.06-23.16.25:095][  0]LogSlate: Updating window title bar state: overlay mode, drag disabled, window buttons hidden, title bar hidden
[2020.06.06-23.16.25:104][  0]LogSlate: Updating window title bar state: overlay mode, drag disabled, window buttons hidden, title bar hidden
[2020.06.06-23.16.25:113][  0]LogSlate: Updating window title bar state: overlay mode, drag disabled, window buttons hidden, title bar hidden
[2020.06.06-23.16.25:122][  0]LogSlate: Updating window title bar state: overlay mode, drag disabled, window buttons hidden, title bar hidden
[2020.06.06-23.16.25:172][  0]LogCollectionManager: Loaded 0 collections in 0.003203 seconds
[2020.06.06-23.16.25:244][  0]LogFileCache: Scanning file cache for directory 'C:/Users/guzim/OneDrive/Obrazy/PROGRAMOWANIE/BallRunner/Saved/Collections/' took 0.01s
[2020.06.06-23.16.25:244][  0]LogFileCache: Scanning file cache for directory 'C:/Users/guzim/OneDrive/Obrazy/PROGRAMOWANIE/BallRunner/Content/Developers/guzim/Collections/' took 0.01s
[2020.06.06-23.16.25:244][  0]LogFileCache: Scanning file cache for directory 'C:/Users/guzim/OneDrive/Obrazy/PROGRAMOWANIE/BallRunner/Content/Collections/' took 0.01s
[2020.06.06-23.16.25:244][  0]LogCollectionManager: Rebuilt the GUID cache for 0 collections in 0.000000 seconds
[2020.06.06-23.16.25:261][  0]LogContentBrowser: Native class hierarchy populated in 0.0165 seconds. Added 2572 classes and 603 folders.
[2020.06.06-23.16.25:325][  0]LogContentBrowser: Native class hierarchy updated for 'WidgetCarousel' in 0.0004 seconds. Added 0 classes and 0 folders.
[2020.06.06-23.16.27:163][  0]LogContentBrowser: Native class hierarchy updated for 'AddContentDialog' in 0.0003 seconds. Added 0 classes and 0 folders.
[2020.06.06-23.16.27:188][  0]LogContentBrowser: Native class hierarchy updated for 'SceneOutliner' in 0.0003 seconds. Added 1 classes and 2 folders.
[2020.06.06-23.16.27:268][  0]LogContentBrowser: Native class hierarchy updated for 'HierarchicalLODOutliner' in 0.0003 seconds. Added 0 classes and 0 folders.
[2020.06.06-23.16.27:268][  0]LogLoad: (Engine Initialization) Total time: 88.37 seconds
[2020.06.06-23.16.27:268][  0]LogLoad: (Engine Initialization) Total Blueprint compile time: 0.00 seconds
[2020.06.06-23.16.27:303][  0]LogContentStreaming: Texture pool size now 1000 MB
[2020.06.06-23.16.27:316][  0]LogSlate: Took 0.011307 seconds to synchronously load lazily loaded font '../../../Engine/Content/Slate/Fonts/Roboto-Regular.ttf' (155K)
[2020.06.06-23.16.27:325][  0]LogSlate: Took 0.007380 seconds to synchronously load lazily loaded font '../../../Engine/Content/Slate/Fonts/Roboto-Bold.ttf' (160K)
[2020.06.06-23.16.27:348][  0]LogSlate: Took 0.018535 seconds to synchronously load lazily loaded font '../../../Engine/Content/Editor/Slate/Fonts/FontAwesome.ttf' (139K)
[2020.06.06-23.16.27:505][  0]LogRenderer: Reallocating scene render targets to support 736x552 Format 10 NumSamples 1 (Frame:1).
[2020.06.06-23.16.27:505][  0]LogSlate: Took 0.021535 seconds to synchronously load lazily loaded font '../../../Engine/Content/Slate/Fonts/Roboto-Light.ttf' (167K)
[2020.06.06-23.16.27:552][  1]LogAssetRegistry: Asset discovery search completed in 42.0732 seconds
[2020.06.06-23.16.27:554][  1]LogCollectionManager: Rebuilt the object cache for 0 collections in 0.000000 seconds (found 0 objects)
[2020.06.06-23.16.27:554][  1]LogCollectionManager: Fixed up redirectors for 0 collections in 0.000068 seconds (updated 0 objects)
[2020.06.06-23.22.55:685][968]LogSlate: FSceneViewport::OnFocusLost() reason 0
[2020.06.06-23.22.58:729][321]LogSlate: Took 0.000228 seconds to synchronously load lazily loaded font '../../../Engine/Content/Slate/Fonts/Roboto-Light.ttf' (167K)
[2020.06.06-23.22.58:795][321]LogAIModule: Creating AISystem for world MainLevel
[2020.06.06-23.22.58:805][321]LogAssetEditorManager: Opening Asset editor for World /Game/LEVEL/MainLevel.MainLevel
[2020.06.06-23.22.58:861][321]Cmd: MAP LOAD FILE="../../../../../../Users/guzim/OneDrive/Obrazy/PROGRAMOWANIE/BallRunner/Content/LEVEL/MainLevel.umap" TEMPLATE=0 SHOWPROGRESS=1 FEATURELEVEL=3
[2020.06.06-23.22.58:861][321]LightingResults: New page: Lighting Build
[2020.06.06-23.22.58:861][321]LoadErrors: New page: Loading map: MainLevel.umap
[2020.06.06-23.22.58:862][321]MapCheck: New page: Map Check
[2020.06.06-23.22.58:862][321]LightingResults: New page: Lighting Build
[2020.06.06-23.22.58:917][321]LogEditorServer: Finished looking for orphan Actors (0.000 secs)
[2020.06.06-23.22.58:980][321]Cmd: MAP CHECKDEP NOCLEARLOG
[2020.06.06-23.22.59:073][321]MapCheck: Map check complete: 0 Error(s), 0 Warning(s), took 93.245ms to complete.
[2020.06.06-23.22.59:075][321]LogFileHelpers: Loading map 'MainLevel' took 0.215
[2020.06.06-23.23.13:602][  7]LogRenderer: Reallocating scene render targets to support 1208x576 Format 10 NumSamples 1 (Frame:1682).
[2020.06.06-23.23.25:227][108]LogSlate: FSceneViewport::OnFocusLost() reason 0
[2020.06.06-23.26.15:008][296]Cmd: BRUSH ADD SELECTNEWBRUSH
[2020.06.06-23.26.27:681][773]LogSlate: FSceneViewport::OnFocusLost() reason 0
[2020.06.06-23.26.55:128][ 53]Cmd: TRANSACTION UNDO
[2020.06.06-23.26.55:128][ 53]LogEditorTransaction: Undo Move Actors
[2020.06.06-23.26.57:456][318]LogEditorViewport: Clicking Background
[2020.06.06-23.26.59:649][554]LogEditorViewport: Clicking Background
[2020.06.06-23.27.15:993][490]Cmd: TRANSACTION UNDO
[2020.06.06-23.27.15:993][490]LogEditorTransaction: Undo Move Actors
[2020.06.06-23.27.20:392][ 10]Cmd: TRANSACTION UNDO
[2020.06.06-23.27.20:392][ 10]LogEditorTransaction: Undo Move Actors
[2020.06.06-23.27.23:030][300]Cmd: TRANSACTION UNDO
[2020.06.06-23.27.23:030][300]LogEditorTransaction: Undo Move Actors
[2020.06.06-23.27.32:437][419]LogEditorViewport: Clicking Background
[2020.06.06-23.27.43:673][754]LogEditorViewport: Clicking Background
[2020.06.06-23.27.56:844][328]Cmd: POLY SELECT MATCHING BRUSH
[2020.06.06-23.28.03:468][119]LogSlate: FSceneViewport::OnFocusLost() reason 0
[2020.06.06-23.28.22:121][330]LogEditorViewport: Clicking on Actor (LMB): Brush (Box Brush)
[2020.06.06-23.28.22:723][398]LogEditorViewport: Clicking on Actor (LMB): Brush (Box Brush)
[2020.06.06-23.28.24:263][579]LogEditorViewport: Clicking on Actor (LMB): Brush (Box Brush)
[2020.06.06-23.28.25:608][737]Cmd: POLY SELECT MATCHING BRUSH
[2020.06.06-23.28.30:127][277]LogSlate: FSceneViewport::OnFocusLost() reason 0
[2020.06.06-23.28.52:833][994]LogEditorViewport: Clicking Background
[2020.06.06-23.29.17:805][940]Cmd: EDIT COPY
[2020.06.06-23.29.18:066][968]Cmd: EDIT PASTE
[2020.06.06-23.29.30:936][500]LogEditorViewport: Clicking Background
[2020.06.06-23.29.31:891][614]LogSlate: FSceneViewport::OnFocusLost() reason 0
[2020.06.06-23.29.34:499][923]Cmd: BRUSH ADD SELECTNEWBRUSH
[2020.06.06-23.29.38:795][420]LogEditorViewport: Clicking on Actor (LMB): Brush (Box Brush3)
[2020.06.06-23.29.39:537][505]Cmd: POLY SELECT MATCHING BRUSH
[2020.06.06-23.29.44:377][ 61]Cmd: POLY SELECT MATCHING BRUSH
[2020.06.06-23.29.47:670][452]LogSlate: FSceneViewport::OnFocusLost() reason 0
[2020.06.06-23.29.55:788][417]LogSlate: FSceneViewport::OnFocusLost() reason 0
[2020.06.06-23.30.07:956][849]Cmd: POLY SELECT MATCHING BRUSH
[2020.06.06-23.30.16:232][816]Cmd: POLY SELECT MATCHING BRUSH
[2020.06.06-23.30.22:849][578]Cmd: POLY SELECT MATCHING BRUSH
[2020.06.06-23.30.47:872][503]LogSlate: FSceneViewport::OnFocusLost() reason 0
[2020.06.06-23.30.59:413][884]LogEditorViewport: Clicking Background
[2020.06.06-23.31.34:774][116]LogSlate: FSceneViewport::OnFocusLost() reason 2
[2020.06.06-23.31.38:396][551]LogEditorViewport: Clicking Background
[2020.06.06-23.31.39:406][672]LogSlate: FSceneViewport::OnFocusLost() reason 0
[2020.06.06-23.31.45:379][378]LogSlate: FSceneViewport::OnFocusLost() reason 0
[2020.06.06-23.31.51:624][112]Cmd: POLY SELECT MATCHING BRUSH
[2020.06.06-23.31.54:332][433]LogSlate: FSceneViewport::OnFocusLost() reason 0
[2020.06.06-23.32.01:332][266]Cmd: POLY SELECT MATCHING BRUSH
[2020.06.06-23.32.03:024][466]LogSlate: FSceneViewport::OnFocusLost() reason 0
[2020.06.06-23.32.10:603][353]Cmd: POLY SELECT MATCHING BRUSH
[2020.06.06-23.32.13:976][747]LogSlate: FSceneViewport::OnFocusLost() reason 0
[2020.06.06-23.32.19:964][462]LogEditorViewport: Clicking Background
[2020.06.06-23.32.36:186][403]Cmd: POLY SELECT MATCHING BRUSH
[2020.06.06-23.32.38:035][622]LogEditorViewport: Clicking Background
[2020.06.06-23.32.48:878][909]LogSlate: FSceneViewport::OnFocusLost() reason 0
[2020.06.06-23.33.02:971][583]Cmd: POLY SELECT MATCHING BRUSH
[2020.06.06-23.33.05:809][911]LogEditorViewport: Clicking Background
[2020.06.06-23.33.07:701][130]Cmd: POLY SELECT MATCHING BRUSH
[2020.06.06-23.33.21:895][778]Cmd: POLY SELECT MATCHING BRUSH
[2020.06.06-23.33.27:536][426]LogEditorViewport: Clicking on Actor (LMB): Brush (Box Brush3)
[2020.06.06-23.33.27:913][466]LogEditorViewport: Clicking on Actor (double click): Brush (Box Brush3)
[2020.06.06-23.33.28:402][522]LogEditorViewport: Clicking on Actor (LMB): Brush (Box Brush3)
[2020.06.06-23.33.29:336][627]LogEditorViewport: Clicking Background
[2020.06.06-23.33.31:189][843]Cmd: POLY SELECT MATCHING BRUSH
[2020.06.06-23.33.33:527][112]Cmd: EDIT COPY
[2020.06.06-23.33.33:846][150]Cmd: EDIT PASTE
[2020.06.06-23.33.39:277][765]Cmd: EDIT COPY
[2020.06.06-23.33.41:114][974]LogEditorViewport: Clicking Background
[2020.06.06-23.33.42:995][192]Cmd: POLY SELECT MATCHING BRUSH
[2020.06.06-23.33.43:751][280]Cmd: EDIT COPY
[2020.06.06-23.33.43:978][307]Cmd: EDIT PASTE
[2020.06.06-23.34.01:128][319]LogSlate: FSceneViewport::OnFocusLost() reason 0
[2020.06.06-23.34.06:973][ 10]Cmd: TRANSACTION UNDO
[2020.06.06-23.34.06:973][ 10]LogEditorTransaction: Undo Set Scale
[2020.06.06-23.34.23:341][911]LogEditorViewport: Clicking Background
[2020.06.06-23.34.40:893][942]LogEditorViewport: Clicking Background
[2020.06.06-23.34.45:863][516]Cmd: POLY SELECT MATCHING BRUSH
[2020.06.06-23.34.48:726][841]LogEditorViewport: Clicking Background
[2020.06.06-23.35.02:363][454]LogEditorViewport: Clicking Background
[2020.06.06-23.35.08:979][242]Cmd: POLY SELECT MATCHING BRUSH
[2020.06.06-23.35.10:226][385]LogSlate: FSceneViewport::OnFocusLost() reason 0
[2020.06.06-23.35.22:010][652]LogEditorViewport: Clicking Background
[2020.06.06-23.35.33:049][960]Cmd: POLY SELECT MATCHING BRUSH
[2020.06.06-23.35.34:476][ 89]LogSlate: FSceneViewport::OnFocusLost() reason 2
[2020.06.06-23.35.36:416][311]LogEditorViewport: Clicking Background
[2020.06.06-23.35.43:907][181]Cmd: TRANSACTION UNDO
[2020.06.06-23.35.43:907][181]LogEditorTransaction: Undo Clicking Background
[2020.06.06-23.35.44:355][228]Cmd: TRANSACTION UNDO
[2020.06.06-23.35.44:355][228]LogEditorTransaction: Undo Select Matching Brush
[2020.06.06-23.35.44:815][278]Cmd: TRANSACTION UNDO
[2020.06.06-23.35.44:815][278]LogEditorTransaction: Undo Select Brush Surface
[2020.06.06-23.35.45:283][333]Cmd: TRANSACTION UNDO
[2020.06.06-23.35.45:283][333]LogEditorTransaction: Undo Clicking Background
[2020.06.06-23.35.45:688][377]Cmd: TRANSACTION UNDO
[2020.06.06-23.35.45:688][377]LogEditorTransaction: Undo Set Material
[2020.06.06-23.35.46:689][492]Cmd: TRANSACTION UNDO
[2020.06.06-23.35.46:689][492]LogEditorTransaction: Undo Set Material
[2020.06.06-23.35.47:413][573]LogEditorViewport: Clicking Background
[2020.06.06-23.35.57:434][770]Cmd: POLY SELECT MATCHING BRUSH
[2020.06.06-23.35.58:522][897]LogSlate: FSceneViewport::OnFocusLost() reason 0
[2020.06.06-23.36.23:550][664]LogEditorViewport: Clicking Background
[2020.06.06-23.36.29:291][351]Cmd: TRANSACTION UNDO
[2020.06.06-23.36.29:291][351]LogEditorTransaction: Undo Clicking Background
[2020.06.06-23.36.31:335][546]LogSlate: FSceneViewport::OnFocusLost() reason 2
[2020.06.06-23.36.34:697][898]LogSlate: FSceneViewport::OnFocusLost() reason 2
[2020.06.06-23.36.38:534][284]LogSlate: FSceneViewport::OnFocusLost() reason 2
[2020.06.06-23.36.42:016][666]LogSlate: FSceneViewport::OnFocusLost() reason 2
[2020.06.06-23.36.47:745][300]LogSlate: FSceneViewport::OnFocusLost() reason 2
[2020.06.06-23.36.50:956][657]LogEditorViewport: Clicking Background
[2020.06.06-23.36.53:591][971]Cmd: TRANSACTION UNDO
[2020.06.06-23.36.53:591][971]LogEditorTransaction: Undo Clicking Background
[2020.06.06-23.36.55:787][178]LogSlate: FSceneViewport::OnFocusLost() reason 2
[2020.06.06-23.36.58:388][473]LogEditorViewport: Clicking Background
[2020.06.06-23.37.01:266][795]Cmd: POLY SELECT MATCHING BRUSH
[2020.06.06-23.37.44:187][875]LogSlate: FSceneViewport::OnFocusLost() reason 2
[2020.06.06-23.37.44:424][875]LogSavePackage: Moving '../../../../../../Users/guzim/OneDrive/Obrazy/PROGRAMOWANIE/BallRunner/Saved/MainLevel_Auto12DEF6DAC4C6BBD3103B2968AC80371AE.tmp' to '../../../../../../Users/guzim/OneDrive/Obrazy/PROGRAMOWANIE/BallRunner/Saved/Autosaves/Game/LEVEL/MainLevel_Auto1.umap'
[2020.06.06-23.37.44:437][875]LogFileHelpers: Editor autosave (incl. sublevels) for '/Game/LEVEL/MainLevel' took 0.213
[2020.06.06-23.37.44:437][875]LogFileHelpers: Editor autosave (incl. sublevels) for all levels took 0.213
[2020.06.06-23.37.48:286][281]LogSlate: FSceneViewport::OnFocusLost() reason 2
[2020.06.06-23.38.06:915][436]Cmd: TRANSACTION UNDO
[2020.06.06-23.38.06:915][436]LogEditorTransaction: Undo Select Matching Brush
[2020.06.06-23.38.07:518][482]Cmd: TRANSACTION UNDO
[2020.06.06-23.38.07:518][482]LogEditorTransaction: Undo Select Brush Surface
[2020.06.06-23.38.08:333][578]Cmd: TRANSACTION UNDO
[2020.06.06-23.38.08:333][578]LogEditorTransaction: Undo Clicking Background
[2020.06.06-23.38.08:780][627]Cmd: TRANSACTION UNDO
[2020.06.06-23.38.08:780][627]LogEditorTransaction: Undo Set Material
[2020.06.06-23.38.09:485][706]Cmd: TRANSACTION UNDO
[2020.06.06-23.38.09:485][706]LogEditorTransaction: Undo Set Material
[2020.06.06-23.38.10:079][773]Cmd: TRANSACTION UNDO
[2020.06.06-23.38.10:079][773]LogEditorTransaction: Undo Set Material
[2020.06.06-23.38.10:607][832]Cmd: TRANSACTION UNDO
[2020.06.06-23.38.10:607][832]LogEditorTransaction: Undo Set Material
[2020.06.06-23.38.10:991][874]Cmd: TRANSACTION UNDO
[2020.06.06-23.38.10:991][874]LogEditorTransaction: Undo Set Material
[2020.06.06-23.38.11:267][903]Cmd: TRANSACTION UNDO
[2020.06.06-23.38.11:267][903]LogEditorTransaction: Undo Set Material
[2020.06.06-23.38.11:634][943]Cmd: TRANSACTION UNDO
[2020.06.06-23.38.11:634][943]LogEditorTransaction: Undo Set Material
[2020.06.06-23.38.12:387][ 29]LogEditorViewport: Clicking Background
[2020.06.06-23.38.22:303][200]LogEditorViewport: Clicking Background
[2020.06.06-23.38.43:527][213]LogSlate: FSceneViewport::OnFocusLost() reason 2
[2020.06.06-23.38.55:422][623]LogSlate: FSceneViewport::OnFocusLost() reason 2
[2020.06.06-23.39.18:437][370]LogSlate: FSceneViewport::OnFocusLost() reason 0
[2020.06.06-23.39.34:471][888]LogEditorViewport: Clicking Background
[2020.06.06-23.40.01:138][606]LogSlate: FSceneViewport::OnFocusLost() reason 0
[2020.06.06-23.40.03:980][893]LogActorFactory: Actor Factory created Cube
[2020.06.06-23.40.04:617][931]LogActorFactory: Actor Factory created Cube
[2020.06.06-23.40.13:912][874]Cmd: TRANSACTION UNDO
[2020.06.06-23.40.13:912][874]LogEditorTransaction: Undo Move Actors
[2020.06.06-23.40.14:958][958]LogEditorViewport: Clicking on Actor (LMB): StaticMeshActor (Cube)
[2020.06.06-23.40.16:099][ 71]Cmd: TRANSACTION UNDO
[2020.06.06-23.40.16:099][ 71]LogEditorTransaction: Undo Clicking on Actors
[2020.06.06-23.40.16:505][111]Cmd: TRANSACTION UNDO
[2020.06.06-23.40.16:505][111]LogEditorTransaction: Undo Create Actors
[2020.06.06-23.40.17:967][252]LogEditorViewport: Clicking Background
[2020.06.06-23.40.31:126][490]LogEditorViewport: Clicking Background
[2020.06.06-23.40.36:008][946]LogEditorViewport: Clicking Background
[2020.06.06-23.40.43:350][660]Cmd: DELETE
[2020.06.06-23.40.43:350][660]Cmd: ACTOR DELETE
[2020.06.06-23.40.43:365][660]LogEditorActor: Deleted Actor: Brush
[2020.06.06-23.40.43:412][660]LogEditorActor: Deleted 1 Actors (0.062 secs)
[2020.06.06-23.40.43:983][713]Cmd: DELETE
[2020.06.06-23.40.43:983][713]Cmd: ACTOR DELETE
[2020.06.06-23.40.43:989][713]LogEditorActor: Deleted Actor: Brush
[2020.06.06-23.40.44:033][713]LogEditorActor: Deleted 1 Actors (0.050 secs)
[2020.06.06-23.40.44:660][773]Cmd: DELETE
[2020.06.06-23.40.44:660][773]Cmd: ACTOR DELETE
[2020.06.06-23.40.44:666][773]LogEditorActor: Deleted Actor: Brush
[2020.06.06-23.40.44:707][773]LogEditorActor: Deleted 1 Actors (0.048 secs)
[2020.06.06-23.40.45:125][813]Cmd: DELETE
[2020.06.06-23.40.45:125][813]Cmd: ACTOR DELETE
[2020.06.06-23.40.45:132][813]LogEditorActor: Deleted Actor: Brush
[2020.06.06-23.40.45:171][813]LogEditorActor: Deleted 1 Actors (0.046 secs)
[2020.06.06-23.40.45:614][856]Cmd: DELETE
[2020.06.06-23.40.45:614][856]Cmd: ACTOR DELETE
[2020.06.06-23.40.45:622][856]LogEditorActor: Deleted Actor: Brush
[2020.06.06-23.40.45:658][856]LogEditorActor: Deleted 1 Actors (0.043 secs)
[2020.06.06-23.40.49:654][272]LogSlate: FSceneViewport::OnFocusLost() reason 0
[2020.06.06-23.40.53:194][641]LogSlate: FSceneViewport::OnFocusLost() reason 0
[2020.06.06-23.40.53:865][713]Cmd: BRUSH ADD SELECTNEWBRUSH
[2020.06.06-23.40.59:264][250]Cmd: TRANSACTION UNDO
[2020.06.06-23.40.59:264][250]LogEditorTransaction: Undo Move Actors
[2020.06.06-23.40.59:544][272]Cmd: TRANSACTION UNDO
[2020.06.06-23.40.59:544][272]LogEditorTransaction: Undo Move Actors
[2020.06.06-23.40.59:958][308]Cmd: TRANSACTION UNDO
[2020.06.06-23.40.59:958][308]LogEditorTransaction: Undo Brush Add
[2020.06.06-23.41.00:977][416]LogSlate: FSceneViewport::OnFocusLost() reason 2
[2020.06.06-23.41.03:475][706]LogEditorViewport: Clicking on Actor (LMB): DirectionalLight (DirectionalLight)
[2020.06.06-23.41.04:754][840]Cmd: DELETE
[2020.06.06-23.41.04:754][840]Cmd: ACTOR DELETE
[2020.06.06-23.41.04:761][840]LogEditorActor: Deleted Actor: DirectionalLight
[2020.06.06-23.41.04:794][840]LogEditorActor: Deleted 1 Actors (0.041 secs)
[2020.06.06-23.41.06:441][ 21]LogSlate: FSceneViewport::OnFocusLost() reason 2
[2020.06.06-23.41.08:407][257]Cmd: POLY SELECT MEMORY UNION
[2020.06.06-23.41.10:508][509]LogSlate: FSceneViewport::OnFocusLost() reason 0
[2020.06.06-23.41.10:866][550]Cmd: BRUSH ADD SELECTNEWBRUSH
[2020.06.06-23.41.17:825][373]LogEditorViewport: Clicking Background
[2020.06.06-23.41.40:047][  8]Cmd: POLY SELECT MATCHING BRUSH
[2020.06.06-23.41.45:114][574]Cmd: POLY SELECT MATCHING BRUSH
[2020.06.06-23.41.58:321][149]LogSlate: FSceneViewport::OnFocusLost() reason 0
[2020.06.06-23.42.04:350][867]Cmd: TRANSACTION UNDO
[2020.06.06-23.42.04:350][867]LogEditorTransaction: Undo Edit Y
[2020.06.06-23.42.06:225][ 60]LogSlate: FSceneViewport::OnFocusLost() reason 0
[2020.06.06-23.42.16:884][336]Cmd: TRANSACTION UNDO
[2020.06.06-23.42.16:884][336]LogEditorTransaction: Undo Edit Z
[2020.06.06-23.42.18:755][554]LogSlate: FSceneViewport::OnFocusLost() reason 0
[2020.06.06-23.42.29:845][878]LogSlate: FSceneViewport::OnFocusLost() reason 0
[2020.06.06-23.42.35:794][583]LogSlate: FSceneViewport::OnFocusLost() reason 0
[2020.06.06-23.42.58:940][334]Cmd: POLY SELECT MATCHING BRUSH
[2020.06.06-23.43.01:506][631]Cmd: EDIT COPY
[2020.06.06-23.43.01:750][660]Cmd: EDIT PASTE
[2020.06.06-23.43.04:680][992]LogSlate: FSceneViewport::OnFocusLost() reason 0
[2020.06.06-23.43.11:178][751]Cmd: POLY SELECT MATCHING BRUSH
[2020.06.06-23.43.13:768][ 48]LogSlate: FSceneViewport::OnFocusLost() reason 0
[2020.06.06-23.43.21:125][919]LogSlate: FSceneViewport::OnFocusLost() reason 0
[2020.06.06-23.43.33:982][451]Cmd: EDIT COPY
[2020.06.06-23.43.34:214][478]Cmd: EDIT PASTE
[2020.06.06-23.43.34:664][527]Cmd: SELECT NONE
[2020.06.06-23.43.38:599][995]Cmd: POLY SELECT MATCHING BRUSH
[2020.06.06-23.43.53:570][735]LogSlate: FSceneViewport::OnFocusLost() reason 0
[2020.06.06-23.44.08:147][466]Cmd: EDIT COPY
[2020.06.06-23.44.08:407][497]Cmd: EDIT PASTE
[2020.06.06-23.44.11:508][858]Cmd: EDIT COPY
[2020.06.06-23.44.11:731][883]Cmd: EDIT PASTE
[2020.06.06-23.44.27:252][714]LogEditorViewport: Clicking Background
[2020.06.06-23.44.28:809][898]Cmd: TRANSACTION UNDO
[2020.06.06-23.44.28:809][898]LogEditorTransaction: Undo Clicking Background
[2020.06.06-23.44.41:978][359]LogEditorViewport: Clicking Background
[2020.06.06-23.44.43:543][539]Cmd: POLY SELECT MATCHING BRUSH
[2020.06.06-23.44.51:155][410]Cmd: POLY SELECT MATCHING BRUSH
[2020.06.06-23.45.01:440][620]LogEditorViewport: Clicking Background
[2020.06.06-23.45.07:782][368]Cmd: POLY SELECT MATCHING BRUSH
[2020.06.06-23.45.10:679][702]LogEditorViewport: Clicking Background
[2020.06.06-23.45.23:148][195]LogSlate: FSceneViewport::OnFocusLost() reason 2
[2020.06.06-23.45.31:744][215]LogSlate: FSceneViewport::OnFocusLost() reason 0
[2020.06.06-23.46.02:906][339]LogSlate: FSceneViewport::OnFocusLost() reason 2
[2020.06.06-23.46.08:210][975]LogSlate: FSceneViewport::OnFocusLost() reason 2
[2020.06.06-23.46.13:843][975]LogTemp: Executing iPhonePackager certificates Engine -bundlename com.YourCompany.BallRunner
[2020.06.06-23.46.13:843][975]LogTemp: CWD: C:\Program Files\Epic Games\UE_4.20\Engine\Binaries\DotNET\IOS
[2020.06.06-23.46.13:843][975]LogTemp: Initial Dir: C:\Program Files\Epic Games\UE_4.20
[2020.06.06-23.46.13:843][975]LogTemp: Env CWD: C:\Program Files\Epic Games\UE_4.20\Engine\Binaries\DotNET\IOS
[2020.06.06-23.46.13:843][975]LogTemp: BranchPath = JARVIS2/C/Program Files/Epic Games/UE_4.20/Engine/Binaries --- GameBranchPath = JARVIS2/C/Program Files/Epic Games/UE_4.20/Engine/Binaries
[2020.06.06-23.46.13:843][975]LogSlate: Only BGRA pngs, bmps or icos are supported in by External Image Picker
[2020.06.06-23.46.14:706][975]LogTemp: IPP ERROR: Could not find provision directory 'C:\Users\guzim\AppData\Local/Apple Computer/MobileDevice/Provisioning Profiles/'.
[2020.06.06-23.46.14:782][975]LogSlate: FSceneViewport::OnFocusLost() reason 2
[2020.06.06-23.47.33:198][731]LogSlate: Window 'Project Settings' being destroyed
[2020.06.06-23.47.33:201][731]LogSlate: Window 'Project Settings' being destroyed
[2020.06.06-23.47.55:764][979]Cmd: POLY SELECT MATCHING BRUSH
[2020.06.06-23.48.01:547][550]LogSlate: FSceneViewport::OnFocusLost() reason 2
[2020.06.06-23.48.01:823][550]LogSavePackage: Moving '../../../../../../Users/guzim/OneDrive/Obrazy/PROGRAMOWANIE/BallRunner/Saved/MainLevel_Auto29F61F8E34EA2EDFCC8909C8746D80CBD.tmp' to '../../../../../../Users/guzim/OneDrive/Obrazy/PROGRAMOWANIE/BallRunner/Saved/Autosaves/Game/LEVEL/MainLevel_Auto2.umap'
[2020.06.06-23.48.01:826][550]LogFileHelpers: Editor autosave (incl. sublevels) for '/Game/LEVEL/MainLevel' took 0.250
[2020.06.06-23.48.01:826][550]LogFileHelpers: Editor autosave (incl. sublevels) for all levels took 0.250
[2020.06.06-23.48.07:097][ 16]Cmd: POLY SELECT MATCHING BRUSH
[2020.06.06-23.48.11:390][365]LogEditorViewport: Clicking Background
[2020.06.06-23.49.27:882][381]LogSlate: FSceneViewport::OnFocusLost() reason 0
[2020.06.06-23.49.31:388][702]Cmd: TRANSACTION UNDO
[2020.06.06-23.49.31:388][702]LogEditorTransaction: Undo Create Actors
[2020.06.06-23.49.32:795][837]LogSlate: FSceneViewport::OnFocusLost() reason 0
[2020.06.06-23.49.47:116][214]LogEditorViewport: Clicking Background
[2020.06.06-23.49.48:940][356]LogEditorViewport: Clicking on Actor (LMB): SpotLight (SpotLight)
[2020.06.06-23.49.51:591][603]Cmd: EDIT COPY
[2020.06.06-23.49.51:846][629]Cmd: EDIT PASTE
[2020.06.06-23.49.55:185][913]Cmd: TRANSACTION UNDO
[2020.06.06-23.49.55:185][913]LogEditorTransaction: Undo Move Actors
[2020.06.06-23.49.55:501][937]Cmd: TRANSACTION UNDO
[2020.06.06-23.49.55:501][937]LogEditorTransaction: Undo Move Actors
[2020.06.06-23.49.56:485][ 27]Cmd: TRANSACTION UNDO
[2020.06.06-23.49.56:485][ 27]LogEditorTransaction: Undo Paste
[2020.06.06-23.49.57:822][142]Cmd: TRANSACTION UNDO
[2020.06.06-23.49.57:822][142]LogEditorTransaction: Undo Clicking on Actors
[2020.06.06-23.50.00:848][424]LogEditorViewport: Clicking on Actor (LMB): SpotLight (SpotLight)
[2020.06.06-23.50.12:374][558]LogSlate: FSceneViewport::OnFocusLost() reason 0
[2020.06.06-23.50.32:314][459]Cmd: EDIT COPY
[2020.06.06-23.50.33:494][553]Cmd: EDIT PASTE
[2020.06.06-23.50.40:764][236]Cmd: EDIT COPY
[2020.06.06-23.50.40:989][260]Cmd: EDIT PASTE
[2020.06.06-23.50.43:566][508]LogEditorViewport: Clicking Background
[2020.06.06-23.52.29:545][467]LogHttp: Warning: 000001B12F8D74C0: request failed, libcurl error: 7 (Couldn't connect to server)
[2020.06.06-23.52.29:545][467]LogHttp: Warning: 000001B12F8D74C0: libcurl info message cache 0 (Connection 10 seems to be dead!)
[2020.06.06-23.52.29:545][467]LogHttp: Warning: 000001B12F8D74C0: libcurl info message cache 1 (Closing connection 10)
[2020.06.06-23.52.29:545][467]LogHttp: Warning: 000001B12F8D74C0: libcurl info message cache 2 (TLSv1.2 (OUT), TLS alert, Client hello (1):)
[2020.06.06-23.52.29:545][467]LogHttp: Warning: 000001B12F8D74C0: libcurl info message cache 3 (  Trying 192.168.8.1...)
[2020.06.06-23.52.29:545][467]LogHttp: Warning: 000001B12F8D74C0: libcurl info message cache 4 (TCP_NODELAY set)
[2020.06.06-23.52.29:545][467]LogHttp: Warning: 000001B12F8D74C0: libcurl info message cache 5 (connect to 192.168.8.1 port 443 failed: Connection refused)
[2020.06.06-23.52.29:545][467]LogHttp: Warning: 000001B12F8D74C0: libcurl info message cache 6 (Failed to connect to datarouter.ol.epicgames.com port 443: Connection refused)
[2020.06.06-23.52.29:545][467]LogHttp: Warning: 000001B12F8D74C0: libcurl info message cache 7 (Closing connection 11)
[2020.06.06-23.52.45:361][576]LogSlate: FSceneViewport::OnFocusLost() reason 0
[2020.06.06-23.52.50:201][949]LogEditorViewport: Clicking on Actor (LMB): SpotLight (SpotLight)
[2020.06.06-23.52.52:192][104]LogEditorViewport: Clicking on Actor (LMB): SpotLight (SpotLight3)
[2020.06.06-23.52.55:133][328]LogEditorViewport: Clicking Background
[2020.06.06-23.52.57:372][503]LogSlate: FSceneViewport::OnFocusLost() reason 0
[2020.06.06-23.52.57:685][518]LogRenderer: Reallocating scene render targets to support 1220x576 Format 10 NumSamples 1 (Frame:172710).
[2020.06.06-23.52.57:735][519]LogRenderer: Reallocating scene render targets to support 1236x576 Format 10 NumSamples 1 (Frame:172712).
[2020.06.06-23.52.57:781][520]LogRenderer: Reallocating scene render targets to support 1244x576 Format 10 NumSamples 1 (Frame:172714).
[2020.06.06-23.53.05:318][ 94]Cmd: POLY SELECT MATCHING BRUSH
[2020.06.06-23.53.06:538][187]LogSlate: FSceneViewport::OnFocusLost() reason 0
[2020.06.06-23.53.14:265][586]LogSlate: FSceneViewport::OnFocusLost() reason 2
[2020.06.06-23.53.23:182][591]LogEditorViewport: Clicking Background
[2020.06.06-23.53.27:105][881]LogSlate: FSceneViewport::OnFocusLost() reason 0
[2020.06.06-23.53.40:893][231]Cmd: POLY SELECT MATCHING BRUSH
[2020.06.06-23.53.42:389][361]LogSlate: FSceneViewport::OnFocusLost() reason 0
[2020.06.06-23.53.56:510][553]Cmd: POLY SELECT MATCHING BRUSH
[2020.06.06-23.53.58:147][668]LogSlate: FSceneViewport::OnFocusLost() reason 0
[2020.06.06-23.54.05:688][347]Cmd: POLY SELECT MATCHING BRUSH
[2020.06.06-23.54.07:224][455]LogSlate: FSceneViewport::OnFocusLost() reason 2
[2020.06.06-23.54.10:803][837]LogEditorViewport: Clicking Background
[2020.06.06-23.54.13:294][ 10]Cmd: POLY SELECT MATCHING BRUSH
[2020.06.06-23.54.14:661][106]LogSlate: FSceneViewport::OnFocusLost() reason 2
[2020.06.06-23.54.18:815][573]LogEditorViewport: Clicking Background
[2020.06.06-23.54.30:042][128]LogHttp: Warning: 000001B12FA20900: request failed, libcurl error: 6 (Couldn't resolve host name)
[2020.06.06-23.54.30:042][128]LogHttp: Warning: 000001B12FA20900: libcurl info message cache 0 (Hostname in DNS cache was stale, zapped)
[2020.06.06-23.54.30:042][128]LogHttp: Warning: 000001B12FA20900: libcurl info message cache 1 (Could not resolve host: datarouter.ol.epicgames.com)
[2020.06.06-23.54.30:042][128]LogHttp: Warning: 000001B12FA20900: libcurl info message cache 2 (Closing connection 12)
[2020.06.06-23.55.00:815][219]LogSlate: FSceneViewport::OnFocusLost() reason 0
[2020.06.06-23.56.30:458][391]LogHttp: Warning: 000001B12FA207C0: request failed, libcurl error: 6 (Couldn't resolve host name)
[2020.06.06-23.56.30:458][391]LogHttp: Warning: 000001B12FA207C0: libcurl info message cache 0 (Could not resolve host: datarouter.ol.epicgames.com)
[2020.06.06-23.56.30:458][391]LogHttp: Warning: 000001B12FA207C0: libcurl info message cache 1 (Closing connection 13)
[2020.06.06-23.57.36:584][588]LogSlate: FSceneViewport::OnFocusLost() reason 0
[2020.06.06-23.58.18:081][ 65]LogEditorViewport: Clicking Background
[2020.06.06-23.58.30:766][262]LogEditorViewport: Clicking on Actor (LMB): SpotLight (SpotLight)
[2020.06.06-23.58.33:842][550]LogSlate: FSceneViewport::OnFocusLost() reason 0
[2020.06.06-23.58.40:816][278]LogEditorViewport: Clicking on Actor (LMB): DirectionalLight (DirectionalLight)
[2020.06.06-23.58.43:284][522]LogSlate: FSceneViewport::OnFocusLost() reason 0
[2020.06.06-23.58.48:983][162]LogEditorViewport: Clicking on Actor (LMB): SpotLight (SpotLight)
[2020.06.06-23.58.50:483][310]LogSlate: FSceneViewport::OnFocusLost() reason 0
[2020.06.06-23.58.55:487][771]LogSlate: FSceneViewport::OnFocusLost() reason 0
[2020.06.06-23.59.03:444][480]LogSlate: FSceneViewport::OnFocusLost() reason 2
[2020.06.06-23.59.06:960][861]LogSlate: FSceneViewport::OnFocusLost() reason 2
[2020.06.06-23.59.08:524][ 24]LogSlate: FSceneViewport::OnFocusLost() reason 2
[2020.06.06-23.59.11:581][334]Cmd: DELETE
[2020.06.06-23.59.11:581][334]Cmd: ACTOR DELETE
[2020.06.06-23.59.11:592][334]LogEditorActor: Deleted Actor: SpotLight
[2020.06.06-23.59.11:623][334]LogEditorActor: Deleted 1 Actors (0.042 secs)
[2020.06.06-23.59.12:862][450]Cmd: DELETE
[2020.06.06-23.59.12:862][450]Cmd: ACTOR DELETE
[2020.06.06-23.59.12:873][450]LogEditorActor: Deleted Actor: Brush
[2020.06.06-23.59.12:915][450]LogEditorActor: Deleted 1 Actors (0.053 secs)
[2020.06.06-23.59.13:975][555]Cmd: TRANSACTION UNDO
[2020.06.06-23.59.13:975][555]LogEditorTransaction: Undo Delete Actors
[2020.06.06-23.59.13:990][555]LogPhysics: Warning: Found bad index buffer when cooking UModelComponent physics data! Component: /Game/LEVEL/MainLevel.MainLevel:PersistentLevel.ModelComponent_770, Buffer: 0, Buffer Size: 0, Element: 0
[2020.06.06-23.59.13:990][555]LogPhysics: Warning: Found bad index buffer when cooking UModelComponent physics data! Component: /Game/LEVEL/MainLevel.MainLevel:PersistentLevel.ModelComponent_770, Buffer: 0, Buffer Size: 0, Element: 1
[2020.06.06-23.59.13:990][555]LogPhysics: Warning: Found bad index buffer when cooking UModelComponent physics data! Component: /Game/LEVEL/MainLevel.MainLevel:PersistentLevel.ModelComponent_770, Buffer: 0, Buffer Size: 0, Element: 2
[2020.06.06-23.59.13:990][555]LogPhysics: Warning: Found bad index buffer when cooking UModelComponent physics data! Component: /Game/LEVEL/MainLevel.MainLevel:PersistentLevel.ModelComponent_770, Buffer: 0, Buffer Size: 0, Element: 3
[2020.06.06-23.59.13:990][555]LogPhysics: Warning: Found bad index buffer when cooking UModelComponent physics data! Component: /Game/LEVEL/MainLevel.MainLevel:PersistentLevel.ModelComponent_770, Buffer: 0, Buffer Size: 0, Element: 4
[2020.06.06-23.59.13:990][555]LogPhysics: Warning: Found bad index buffer when cooking UModelComponent physics data! Component: /Game/LEVEL/MainLevel.MainLevel:PersistentLevel.ModelComponent_770, Buffer: 0, Buffer Size: 0, Element: 5
[2020.06.06-23.59.13:990][555]LogPhysics: Warning: Found bad index buffer when cooking UModelComponent physics data! Component: /Game/LEVEL/MainLevel.MainLevel:PersistentLevel.ModelComponent_770, Buffer: 0, Buffer Size: 0, Element: 6
[2020.06.06-23.59.13:990][555]LogPhysics: Warning: Found bad index buffer when cooking UModelComponent physics data! Component: /Game/LEVEL/MainLevel.MainLevel:PersistentLevel.ModelComponent_770, Buffer: 0, Buffer Size: 0, Element: 7
[2020.06.06-23.59.13:990][555]LogPhysics: Warning: Found bad index buffer when cooking UModelComponent physics data! Component: /Game/LEVEL/MainLevel.MainLevel:PersistentLevel.ModelComponent_770, Buffer: 0, Buffer Size: 0, Element: 8
[2020.06.06-23.59.13:991][555]LogPhysics: Warning: UBodySetup::GetCookInfo: Triangle data from '/Game/LEVEL/MainLevel.MainLevel:PersistentLevel.ModelComponent_770' invalid (256 verts, 0 indices).
[2020.06.06-23.59.14:038][555]LogPhysics: Warning: Attempt to build physics data for /Game/LEVEL/MainLevel.MainLevel:PersistentLevel.ModelComponent_770.BodySetup_0 when we are unable to.
[2020.06.06-23.59.14:039][555]LogPhysics: Warning: Found bad index buffer when cooking UModelComponent physics data! Component: /Game/LEVEL/MainLevel.MainLevel:PersistentLevel.ModelComponent_771, Buffer: 0, Buffer Size: 0, Element: 0
[2020.06.06-23.59.14:039][555]LogPhysics: Warning: Found bad index buffer when cooking UModelComponent physics data! Component: /Game/LEVEL/MainLevel.MainLevel:PersistentLevel.ModelComponent_771, Buffer: 0, Buffer Size: 0, Element: 1
[2020.06.06-23.59.14:039][555]LogPhysics: Warning: Found bad index buffer when cooking UModelComponent physics data! Component: /Game/LEVEL/MainLevel.MainLevel:PersistentLevel.ModelComponent_771, Buffer: 0, Buffer Size: 0, Element: 2
[2020.06.06-23.59.14:039][555]LogPhysics: Warning: Found bad index buffer when cooking UModelComponent physics data! Component: /Game/LEVEL/MainLevel.MainLevel:PersistentLevel.ModelComponent_771, Buffer: 0, Buffer Size: 0, Element: 3
[2020.06.06-23.59.14:039][555]LogPhysics: Warning: Found bad index buffer when cooking UModelComponent physics data! Component: /Game/LEVEL/MainLevel.MainLevel:PersistentLevel.ModelComponent_771, Buffer: 0, Buffer Size: 0, Element: 4
[2020.06.06-23.59.14:039][555]LogPhysics: Warning: Found bad index buffer when cooking UModelComponent physics data! Component: /Game/LEVEL/MainLevel.MainLevel:PersistentLevel.ModelComponent_771, Buffer: 0, Buffer Size: 0, Element: 5
[2020.06.06-23.59.14:039][555]LogPhysics: Warning: Found bad index buffer when cooking UModelComponent physics data! Component: /Game/LEVEL/MainLevel.MainLevel:PersistentLevel.ModelComponent_771, Buffer: 0, Buffer Size: 0, Element: 6
[2020.06.06-23.59.14:039][555]LogPhysics: Warning: UBodySetup::GetCookInfo: Triangle data from '/Game/LEVEL/MainLevel.MainLevel:PersistentLevel.ModelComponent_771' invalid (256 verts, 0 indices).
[2020.06.06-23.59.14:039][555]LogPhysics: Warning: Attempt to build physics data for /Game/LEVEL/MainLevel.MainLevel:PersistentLevel.ModelComponent_771.BodySetup_0 when we are unable to.
[2020.06.06-23.59.14:039][555]LogPhysics: Warning: Found bad index buffer when cooking UModelComponent physics data! Component: /Game/LEVEL/MainLevel.MainLevel:PersistentLevel.ModelComponent_772, Buffer: 0, Buffer Size: 0, Element: 0
[2020.06.06-23.59.14:039][555]LogPhysics: Warning: Found bad index buffer when cooking UModelComponent physics data! Component: /Game/LEVEL/MainLevel.MainLevel:PersistentLevel.ModelComponent_772, Buffer: 0, Buffer Size: 0, Element: 1
[2020.06.06-23.59.14:039][555]LogPhysics: Warning: Found bad index buffer when cooking UModelComponent physics data! Component: /Game/LEVEL/MainLevel.MainLevel:PersistentLevel.ModelComponent_772, Buffer: 0, Buffer Size: 0, Element: 2
[2020.06.06-23.59.14:039][555]LogPhysics: Warning: Found bad index buffer when cooking UModelComponent physics data! Component: /Game/LEVEL/MainLevel.MainLevel:PersistentLevel.ModelComponent_772, Buffer: 0, Buffer Size: 0, Element: 3
[2020.06.06-23.59.14:039][555]LogPhysics: Warning: Found bad index buffer when cooking UModelComponent physics data! Component: /Game/LEVEL/MainLevel.MainLevel:PersistentLevel.ModelComponent_772, Buffer: 0, Buffer Size: 0, Element: 4
[2020.06.06-23.59.14:039][555]LogPhysics: Warning: UBodySetup::GetCookInfo: Triangle data from '/Game/LEVEL/MainLevel.MainLevel:PersistentLevel.ModelComponent_772' invalid (256 verts, 0 indices).
[2020.06.06-23.59.14:039][555]LogPhysics: Warning: Attempt to build physics data for /Game/LEVEL/MainLevel.MainLevel:PersistentLevel.ModelComponent_772.BodySetup_0 when we are unable to.
[2020.06.06-23.59.14:039][555]LogPhysics: Warning: Found bad index buffer when cooking UModelComponent physics data! Component: /Game/LEVEL/MainLevel.MainLevel:PersistentLevel.ModelComponent_773, Buffer: 0, Buffer Size: 0, Element: 0
[2020.06.06-23.59.14:039][555]LogPhysics: Warning: Found bad index buffer when cooking UModelComponent physics data! Component: /Game/LEVEL/MainLevel.MainLevel:PersistentLevel.ModelComponent_773, Buffer: 0, Buffer Size: 0, Element: 1
[2020.06.06-23.59.14:039][555]LogPhysics: Warning: Found bad index buffer when cooking UModelComponent physics data! Component: /Game/LEVEL/MainLevel.MainLevel:PersistentLevel.ModelComponent_773, Buffer: 0, Buffer Size: 0, Element: 2
[2020.06.06-23.59.14:039][555]LogPhysics: Warning: Found bad index buffer when cooking UModelComponent physics data! Component: /Game/LEVEL/MainLevel.MainLevel:PersistentLevel.ModelComponent_773, Buffer: 0, Buffer Size: 0, Element: 3
[2020.06.06-23.59.14:040][555]LogPhysics: Warning: UBodySetup::GetCookInfo: Triangle data from '/Game/LEVEL/MainLevel.MainLevel:PersistentLevel.ModelComponent_773' invalid (256 verts, 0 indices).
[2020.06.06-23.59.14:040][555]LogPhysics: Warning: Attempt to build physics data for /Game/LEVEL/MainLevel.MainLevel:PersistentLevel.ModelComponent_773.BodySetup_0 when we are unable to.
[2020.06.06-23.59.14:040][555]LogPhysics: Warning: Found bad index buffer when cooking UModelComponent physics data! Component: /Game/LEVEL/MainLevel.MainLevel:PersistentLevel.ModelComponent_774, Buffer: 0, Buffer Size: 0, Element: 0
[2020.06.06-23.59.14:040][555]LogPhysics: Warning: Found bad index buffer when cooking UModelComponent physics data! Component: /Game/LEVEL/MainLevel.MainLevel:PersistentLevel.ModelComponent_774, Buffer: 0, Buffer Size: 0, Element: 1
[2020.06.06-23.59.14:040][555]LogPhysics: Warning: Found bad index buffer when cooking UModelComponent physics data! Component: /Game/LEVEL/MainLevel.MainLevel:PersistentLevel.ModelComponent_774, Buffer: 0, Buffer Size: 0, Element: 2
[2020.06.06-23.59.14:040][555]LogPhysics: Warning: Found bad index buffer when cooking UModelComponent physics data! Component: /Game/LEVEL/MainLevel.MainLevel:PersistentLevel.ModelComponent_774, Buffer: 0, Buffer Size: 0, Element: 3
[2020.06.06-23.59.14:040][555]LogPhysics: Warning: Found bad index buffer when cooking UModelComponent physics data! Component: /Game/LEVEL/MainLevel.MainLevel:PersistentLevel.ModelComponent_774, Buffer: 0, Buffer Size: 0, Element: 4
[2020.06.06-23.59.14:040][555]LogPhysics: Warning: UBodySetup::GetCookInfo: Triangle data from '/Game/LEVEL/MainLevel.MainLevel:PersistentLevel.ModelComponent_774' invalid (256 verts, 0 indices).
[2020.06.06-23.59.14:040][555]LogPhysics: Warning: Attempt to build physics data for /Game/LEVEL/MainLevel.MainLevel:PersistentLevel.ModelComponent_774.BodySetup_0 when we are unable to.
[2020.06.06-23.59.14:040][555]LogPhysics: Warning: Found bad index buffer when cooking UModelComponent physics data! Component: /Game/LEVEL/MainLevel.MainLevel:PersistentLevel.ModelComponent_775, Buffer: 0, Buffer Size: 0, Element: 0
[2020.06.06-23.59.14:040][555]LogPhysics: Warning: Found bad index buffer when cooking UModelComponent physics data! Component: /Game/LEVEL/MainLevel.MainLevel:PersistentLevel.ModelComponent_775, Buffer: 0, Buffer Size: 0, Element: 1
[2020.06.06-23.59.14:040][555]LogPhysics: Warning: Found bad index buffer when cooking UModelComponent physics data! Component: /Game/LEVEL/MainLevel.MainLevel:PersistentLevel.ModelComponent_775, Buffer: 0, Buffer Size: 0, Element: 2
[2020.06.06-23.59.14:040][555]LogPhysics: Warning: Found bad index buffer when cooking UModelComponent physics data! Component: /Game/LEVEL/MainLevel.MainLevel:PersistentLevel.ModelComponent_775, Buffer: 0, Buffer Size: 0, Element: 3
[2020.06.06-23.59.14:040][555]LogPhysics: Warning: Found bad index buffer when cooking UModelComponent physics data! Component: /Game/LEVEL/MainLevel.MainLevel:PersistentLevel.ModelComponent_775, Buffer: 0, Buffer Size: 0, Element: 4
[2020.06.06-23.59.14:040][555]LogPhysics: Warning: UBodySetup::GetCookInfo: Triangle data from '/Game/LEVEL/MainLevel.MainLevel:PersistentLevel.ModelComponent_775' invalid (256 verts, 0 indices).
[2020.06.06-23.59.14:040][555]LogPhysics: Warning: Attempt to build physics data for /Game/LEVEL/MainLevel.MainLevel:PersistentLevel.ModelComponent_775.BodySetup_0 when we are unable to.
[2020.06.06-23.59.14:040][555]LogPhysics: Warning: Found bad index buffer when cooking UModelComponent physics data! Component: /Game/LEVEL/MainLevel.MainLevel:PersistentLevel.ModelComponent_776, Buffer: 0, Buffer Size: 0, Element: 0
[2020.06.06-23.59.14:040][555]LogPhysics: Warning: Found bad index buffer when cooking UModelComponent physics data! Component: /Game/LEVEL/MainLevel.MainLevel:PersistentLevel.ModelComponent_776, Buffer: 0, Buffer Size: 0, Element: 1
[2020.06.06-23.59.14:040][555]LogPhysics: Warning: Found bad index buffer when cooking UModelComponent physics data! Component: /Game/LEVEL/MainLevel.MainLevel:PersistentLevel.ModelComponent_776, Buffer: 0, Buffer Size: 0, Element: 2
[2020.06.06-23.59.14:040][555]LogPhysics: Warning: Found bad index buffer when cooking UModelComponent physics data! Component: /Game/LEVEL/MainLevel.MainLevel:PersistentLevel.ModelComponent_776, Buffer: 0, Buffer Size: 0, Element: 3
[2020.06.06-23.59.14:040][555]LogPhysics: Warning: UBodySetup::GetCookInfo: Triangle data from '/Game/LEVEL/MainLevel.MainLevel:PersistentLevel.ModelComponent_776' invalid (256 verts, 0 indices).
[2020.06.06-23.59.14:040][555]LogPhysics: Warning: Attempt to build physics data for /Game/LEVEL/MainLevel.MainLevel:PersistentLevel.ModelComponent_776.BodySetup_0 when we are unable to.
[2020.06.06-23.59.14:040][555]LogPhysics: Warning: Found bad index buffer when cooking UModelComponent physics data! Component: /Game/LEVEL/MainLevel.MainLevel:PersistentLevel.ModelComponent_777, Buffer: 0, Buffer Size: 0, Element: 0
[2020.06.06-23.59.14:040][555]LogPhysics: Warning: Found bad index buffer when cooking UModelComponent physics data! Component: /Game/LEVEL/MainLevel.MainLevel:PersistentLevel.ModelComponent_777, Buffer: 0, Buffer Size: 0, Element: 1
[2020.06.06-23.59.14:041][555]LogPhysics: Warning: UBodySetup::GetCookInfo: Triangle data from '/Game/LEVEL/MainLevel.MainLevel:PersistentLevel.ModelComponent_777' invalid (256 verts, 0 indices).
[2020.06.06-23.59.14:041][555]LogPhysics: Warning: Attempt to build physics data for /Game/LEVEL/MainLevel.MainLevel:PersistentLevel.ModelComponent_777.BodySetup_0 when we are unable to.
[2020.06.06-23.59.14:041][555]LogPhysics: Warning: Found bad index buffer when cooking UModelComponent physics data! Component: /Game/LEVEL/MainLevel.MainLevel:PersistentLevel.ModelComponent_778, Buffer: 0, Buffer Size: 0, Element: 0
[2020.06.06-23.59.14:041][555]LogPhysics: Warning: Found bad index buffer when cooking UModelComponent physics data! Component: /Game/LEVEL/MainLevel.MainLevel:PersistentLevel.ModelComponent_778, Buffer: 0, Buffer Size: 0, Element: 1
[2020.06.06-23.59.14:041][555]LogPhysics: Warning: Found bad index buffer when cooking UModelComponent physics data! Component: /Game/LEVEL/MainLevel.MainLevel:PersistentLevel.ModelComponent_778, Buffer: 0, Buffer Size: 0, Element: 2
[2020.06.06-23.59.14:041][555]LogPhysics: Warning: Found bad index buffer when cooking UModelComponent physics data! Component: /Game/LEVEL/MainLevel.MainLevel:PersistentLevel.ModelComponent_778, Buffer: 0, Buffer Size: 0, Element: 3
[2020.06.06-23.59.14:041][555]LogPhysics: Warning: Found bad index buffer when cooking UModelComponent physics data! Component: /Game/LEVEL/MainLevel.MainLevel:PersistentLevel.ModelComponent_778, Buffer: 0, Buffer Size: 0, Element: 4
[2020.06.06-23.59.14:041][555]LogPhysics: Warning: Found bad index buffer when cooking UModelComponent physics data! Component: /Game/LEVEL/MainLevel.MainLevel:PersistentLevel.ModelComponent_778, Buffer: 0, Buffer Size: 0, Element: 5
[2020.06.06-23.59.14:041][555]LogPhysics: Warning: Found bad index buffer when cooking UModelComponent physics data! Component: /Game/LEVEL/MainLevel.MainLevel:PersistentLevel.ModelComponent_778, Buffer: 0, Buffer Size: 0, Element: 6
[2020.06.06-23.59.14:041][555]LogPhysics: Warning: UBodySetup::GetCookInfo: Triangle data from '/Game/LEVEL/MainLevel.MainLevel:PersistentLevel.ModelComponent_778' invalid (256 verts, 0 indices).
[2020.06.06-23.59.14:041][555]LogPhysics: Warning: Attempt to build physics data for /Game/LEVEL/MainLevel.MainLevel:PersistentLevel.ModelComponent_778.BodySetup_0 when we are unable to.
[2020.06.06-23.59.14:041][555]LogPhysics: Warning: Found bad index buffer when cooking UModelComponent physics data! Component: /Game/LEVEL/MainLevel.MainLevel:PersistentLevel.ModelComponent_779, Buffer: 0, Buffer Size: 0, Element: 0
[2020.06.06-23.59.14:041][555]LogPhysics: Warning: Found bad index buffer when cooking UModelComponent physics data! Component: /Game/LEVEL/MainLevel.MainLevel:PersistentLevel.ModelComponent_779, Buffer: 0, Buffer Size: 0, Element: 1
[2020.06.06-23.59.14:041][555]LogPhysics: Warning: Found bad index buffer when cooking UModelComponent physics data! Component: /Game/LEVEL/MainLevel.MainLevel:PersistentLevel.ModelComponent_779, Buffer: 0, Buffer Size: 0, Element: 2
[2020.06.06-23.59.14:041][555]LogPhysics: Warning: UBodySetup::GetCookInfo: Triangle data from '/Game/LEVEL/MainLevel.MainLevel:PersistentLevel.ModelComponent_779' invalid (256 verts, 0 indices).
[2020.06.06-23.59.14:041][555]LogPhysics: Warning: Attempt to build physics data for /Game/LEVEL/MainLevel.MainLevel:PersistentLevel.ModelComponent_779.BodySetup_0 when we are unable to.
[2020.06.06-23.59.14:042][555]LogActorComponent: ~FComponentReregisterContext: (/Game/LEVEL/MainLevel.MainLevel:PersistentLevel.BoxBrush_9.BrushComponent0) Component already registered.
[2020.06.06-23.59.15:636][692]LogEditorViewport: Clicking on Actor (LMB): Brush (Box Brush2)
[2020.06.06-23.59.17:170][813]LogEditorViewport: Clicking on Actor (LMB): SpotLight (SpotLight2)
[2020.06.06-23.59.17:957][876]Cmd: DELETE
[2020.06.06-23.59.17:957][876]Cmd: ACTOR DELETE
[2020.06.06-23.59.17:968][876]LogEditorActor: Deleted Actor: SpotLight
[2020.06.06-23.59.18:003][876]LogEditorActor: Deleted 1 Actors (0.045 secs)
[2020.06.06-23.59.18:791][954]LogEditorViewport: Clicking on Actor (LMB): SpotLight (SpotLight3)
[2020.06.06-23.59.18:932][964]Cmd: DELETE
[2020.06.06-23.59.18:932][964]Cmd: ACTOR DELETE
[2020.06.06-23.59.18:943][964]LogEditorActor: Deleted Actor: SpotLight
[2020.06.06-23.59.18:978][964]LogEditorActor: Deleted 1 Actors (0.046 secs)
[2020.06.06-23.59.26:802][742]LogSlate: FSceneViewport::OnFocusLost() reason 0
[2020.06.06-23.59.28:913][950]LogSlate: FSceneViewport::OnFocusLost() reason 0
[2020.06.06-23.59.32:421][273]LogSlate: FSceneViewport::OnFocusLost() reason 0
[2020.06.06-23.59.37:739][802]Cmd: DELETE
[2020.06.06-23.59.37:739][802]Cmd: ACTOR DELETE
[2020.06.06-23.59.37:750][802]LogEditorActor: Deleted Actor: SkyLight
[2020.06.06-23.59.37:786][802]LogEditorActor: Deleted 1 Actors (0.046 secs)
[2020.06.06-23.59.39:883][ 10]LogSlate: FSceneViewport::OnFocusLost() reason 0
[2020.06.06-23.59.59:613][735]LogSlate: FSceneViewport::OnFocusLost() reason 0
[2020.06.07-00.00.11:252][924]LogSlate: FSceneViewport::OnFocusLost() reason 2
[2020.06.07-00.00.13:363][143]LogSlate: FSceneViewport::OnFocusLost() reason 2
[2020.06.07-00.00.15:596][373]LogSlate: FSceneViewport::OnFocusLost() reason 2
[2020.06.07-00.00.21:384][927]LogSlate: FSceneViewport::OnFocusLost() reason 0
[2020.06.07-00.00.56:525][798]Cmd: TRANSACTION UNDO
[2020.06.07-00.00.56:525][798]LogEditorTransaction: Undo Move Actors
[2020.06.07-00.00.57:580][872]Cmd: DELETE
[2020.06.07-00.00.57:580][872]Cmd: ACTOR DELETE
[2020.06.07-00.00.57:590][872]LogEditorActor: Deleted Actor: PointLight
[2020.06.07-00.00.57:626][872]LogEditorActor: Deleted 1 Actors (0.046 secs)
[2020.06.07-00.00.58:963][979]LogSlate: FSceneViewport::OnFocusLost() reason 0
[2020.06.07-00.01.06:911][595]LogSlate: FSceneViewport::OnFocusLost() reason 0
[2020.06.07-00.01.22:992][777]LogSlate: FSceneViewport::OnFocusLost() reason 0
[2020.06.07-00.02.12:969][849]LogSlate: FSceneViewport::OnFocusLost() reason 0
[2020.06.07-00.02.35:470][752]LogSlate: FSceneViewport::OnFocusLost() reason 0
[2020.06.07-00.02.43:698][468]LogSlate: FSceneViewport::OnFocusLost() reason 0
[2020.06.07-00.02.46:373][683]LogSlate: FSceneViewport::OnFocusLost() reason 0
[2020.06.07-00.02.51:767][ 71]LogSlate: FSceneViewport::OnFocusLost() reason 2
[2020.06.07-00.02.59:706][658]LogSlate: FSceneViewport::OnFocusLost() reason 0
[2020.06.07-00.03.08:037][359]Cmd: DELETE
[2020.06.07-00.03.08:037][359]Cmd: ACTOR DELETE
[2020.06.07-00.03.08:048][359]LogEditorActor: Deleted Actor: SpotLight
[2020.06.07-00.03.08:083][359]LogEditorActor: Deleted 1 Actors (0.046 secs)
[2020.06.07-00.03.10:170][518]LogSlate: FSceneViewport::OnFocusLost() reason 0
[2020.06.07-00.03.19:327][187]LogSlate: FSceneViewport::OnFocusLost() reason 0
[2020.06.07-00.03.25:038][611]Cmd: DELETE
[2020.06.07-00.03.25:038][611]Cmd: ACTOR DELETE
[2020.06.07-00.03.25:048][611]LogEditorActor: Deleted Actor: SkyLight
[2020.06.07-00.03.25:083][611]LogEditorActor: Deleted 1 Actors (0.045 secs)
[2020.06.07-00.03.34:919][398]LogSlate: FSceneViewport::OnFocusLost() reason 0
[2020.06.07-00.03.43:262][ 76]LogSlate: FSceneViewport::OnFocusLost() reason 0
[2020.06.07-00.03.50:492][625]Cmd: TRANSACTION UNDO
[2020.06.07-00.03.50:492][625]LogEditorTransaction: Undo Rotate Actors
[2020.06.07-00.03.51:374][682]Cmd: DELETE
[2020.06.07-00.03.51:375][682]Cmd: ACTOR DELETE
[2020.06.07-00.03.51:385][682]LogEditorActor: Deleted Actor: PointLight
[2020.06.07-00.03.51:419][682]LogEditorActor: Deleted 1 Actors (0.044 secs)
[2020.06.07-00.03.53:575][838]LogEditorViewport: Clicking on Actor (LMB): DirectionalLight (DirectionalLight)
[2020.06.07-00.03.54:134][876]LogSlate: Took 0.023847 seconds to synchronously load lazily loaded font '../../../Engine/Content/Slate/Fonts/Roboto-Italic.ttf' (157K)
[2020.06.07-00.03.55:296][971]LogSlate: FSceneViewport::OnFocusLost() reason 0
[2020.06.07-00.03.58:830][318]LogEditorViewport: Clicking Background
[2020.06.07-00.04.02:787][627]LogEditorViewport: Clicking on Actor (LMB): DirectionalLight (DirectionalLight)
[2020.06.07-00.04.03:928][717]LogEditorViewport: Clicking Background
[2020.06.07-00.04.43:263][110]LogSavePackage: Moving '../../../../../../Users/guzim/OneDrive/Obrazy/PROGRAMOWANIE/BallRunner/Saved/MainLevel_Auto3B703F47B437DB9C4272A40956AB61EFA.tmp' to '../../../../../../Users/guzim/OneDrive/Obrazy/PROGRAMOWANIE/BallRunner/Saved/Autosaves/Game/LEVEL/MainLevel_Auto3.umap'
[2020.06.07-00.04.43:304][110]LogFileHelpers: Editor autosave (incl. sublevels) for '/Game/LEVEL/MainLevel' took 0.287
[2020.06.07-00.04.43:304][110]LogFileHelpers: Editor autosave (incl. sublevels) for all levels took 0.287
[2020.06.07-00.17.38:436][218]LogSlate: FSceneViewport::OnFocusLost() reason 0
[2020.06.07-00.17.42:899][580]Cmd: TRANSACTION UNDO
[2020.06.07-00.17.42:899][580]LogEditorTransaction: Undo Create Actors
[2020.06.07-00.18.01:902][ 96]LogSlate: FSceneViewport::OnFocusLost() reason 0
[2020.06.07-00.18.08:212][553]LogSlate: FSceneViewport::OnFocusLost() reason 2
[2020.06.07-00.18.08:495][553]LogSavePackage: Moving '../../../../../../Users/guzim/OneDrive/Obrazy/PROGRAMOWANIE/BallRunner/Saved/MainLevel_Auto437E94DE24D2842BAFCAAACB266E0A3BB.tmp' to '../../../../../../Users/guzim/OneDrive/Obrazy/PROGRAMOWANIE/BallRunner/Saved/Autosaves/Game/LEVEL/MainLevel_Auto4.umap'
[2020.06.07-00.18.08:502][553]LogFileHelpers: Editor autosave (incl. sublevels) for '/Game/LEVEL/MainLevel' took 0.257
[2020.06.07-00.18.08:502][553]LogFileHelpers: Editor autosave (incl. sublevels) for all levels took 0.257
[2020.06.07-00.18.18:683][234]LogEditorViewport: Clicking Background
[2020.06.07-00.18.19:884][315]LogEditorViewport: Clicking on Actor (LMB): RectLight (RectLight)
[2020.06.07-00.19.04:130][517]LogSlate: FSceneViewport::OnFocusLost() reason 0
[2020.06.07-00.19.21:714][ 53]Cmd: DELETE
[2020.06.07-00.19.21:714][ 53]Cmd: ACTOR DELETE
[2020.06.07-00.19.21:725][ 53]LogEditorActor: Deleted Actor: RectLight
[2020.06.07-00.19.21:758][ 53]LogEditorActor: Deleted 1 Actors (0.044 secs)
[2020.06.07-00.21.04:657][325]LogEditorViewport: Clicking Background
[2020.06.07-00.22.01:253][434]LogSlate: FSceneViewport::OnFocusLost() reason 2
[2020.06.07-00.24.00:596][ 24]LogSlate: FSceneViewport::OnFocusLost() reason 2
[2020.06.07-00.25.47:677][754]LogSlate: FSceneViewport::OnFocusLost() reason 2
[2020.06.07-00.25.59:108][108]LogSlate: FSceneViewport::OnFocusLost() reason 2
[2020.06.07-00.26.18:007][108]LogSlate: Window 'Save Level As' being destroyed
[2020.06.07-00.28.37:539][451]LogSlate: FSceneViewport::OnFocusLost() reason 2
[2020.06.07-00.29.24:332][ 41]LogSlate: FSceneViewport::OnFocusLost() reason 2
[2020.06.07-00.29.24:445][ 41]Cmd: OBJ SAVEPACKAGE PACKAGE="/Game/LEVEL/MainLevel" FILE="../../../../../../Users/guzim/OneDrive/Obrazy/PROGRAMOWANIE/BallRunner/Content/LEVEL/MainLevel.umap" SILENT=true AUTOSAVING=false KEEPDIRTY=false
[2020.06.07-00.29.24:724][ 41]LogSavePackage: Moving '../../../../../../Users/guzim/OneDrive/Obrazy/PROGRAMOWANIE/BallRunner/Saved/MainLevelBD45447A4562FB2411AB96B0DC051564.tmp' to '../../../../../../Users/guzim/OneDrive/Obrazy/PROGRAMOWANIE/BallRunner/Content/LEVEL/MainLevel.umap'
[2020.06.07-00.29.24:820][ 41]LogFileHelpers: Saving map 'MainLevel' took 0.478
[2020.06.07-00.29.26:922][209]LogSlate: FSceneViewport::OnFocusLost() reason 0
[2020.06.07-00.29.27:959][218]LogSlate: Window 'BallRunner - Unreal Editor' being destroyed
[2020.06.07-00.29.29:302][219]Cmd: QUIT_EDITOR
[2020.06.07-00.29.30:086][219]LogWindowsTextInputMethodSystem: Display: IME system now deactivated.
[2020.06.07-00.29.30:557][219]LogExit: Preparing to exit.
